<?xml version="1.0" encoding="UTF-8"?>
<robot generator="Robot 4.1.1 (Python 3.9.7 on win32)" generated="20220131 10:55:11.344" rpa="false" schemaversion="2">
<suite id="s1" name="Demo Sprint00" source="C:\Users\Israa\PycharmProjects\NurseDashRegressionVersion1\Tests\Demo_Sprint00.robot">
<test id="s1-t1" name="Create a new Area">
<kw name="Log_In_NurseDash" library="P_AdCommon">
<kw name="Open Browser" library="SeleniumLibrary">
<arg>${SandboxWeb}</arg>
<arg>${Chrome_Browser}</arg>
<doc>Opens a new browser instance to the optional ``url``.</doc>
<msg timestamp="20220131 10:55:11.603" level="INFO">Opening browser 'chrome' to base url 'https://admin-sandbox.nursedash.com/#/login'.</msg>
<status status="PASS" starttime="20220131 10:55:11.602" endtime="20220131 10:55:14.875"/>
</kw>
<kw name="Maximize Browser Window" library="SeleniumLibrary">
<doc>Maximizes current browser window.</doc>
<status status="PASS" starttime="20220131 10:55:14.875" endtime="20220131 10:55:14.999"/>
</kw>
<kw name="Wait Until Keyword Succeeds" library="BuiltIn">
<arg>1000s</arg>
<arg>1s</arg>
<arg>input text</arg>
<arg>${UserName_LogIn}</arg>
<arg>${UserName_Sandbox}</arg>
<doc>Runs the specified keyword and retries if it fails.</doc>
<kw name="Input Text" library="SeleniumLibrary">
<arg>${UserName_LogIn}</arg>
<arg>${UserName_Sandbox}</arg>
<doc>Types the given ``text`` into the text field identified by ``locator``.</doc>
<msg timestamp="20220131 10:55:15.002" level="INFO">Typing text 'Sameh' into text field '//input[@name="username"]'.</msg>
<kw name="Capture Page Screenshot" library="SeleniumLibrary">
<doc>Takes a screenshot of the current page and embeds it into a log file.</doc>
<msg timestamp="20220131 10:55:15.234" level="INFO" html="true">&lt;/td&gt;&lt;/tr&gt;&lt;tr&gt;&lt;td colspan="3"&gt;&lt;a href="selenium-screenshot-44.png"&gt;&lt;img src="selenium-screenshot-44.png" width="800px"&gt;&lt;/a&gt;</msg>
<status status="PASS" starttime="20220131 10:55:15.024" endtime="20220131 10:55:15.234"/>
</kw>
<msg timestamp="20220131 10:55:15.236" level="FAIL">Element with locator '//input[@name="username"]' not found.</msg>
<status status="FAIL" starttime="20220131 10:55:15.001" endtime="20220131 10:55:15.237"/>
</kw>
<kw name="Input Text" library="SeleniumLibrary">
<arg>${UserName_LogIn}</arg>
<arg>${UserName_Sandbox}</arg>
<doc>Types the given ``text`` into the text field identified by ``locator``.</doc>
<msg timestamp="20220131 10:55:16.255" level="INFO">Typing text 'Sameh' into text field '//input[@name="username"]'.</msg>
<kw name="Capture Page Screenshot" library="SeleniumLibrary">
<doc>Takes a screenshot of the current page and embeds it into a log file.</doc>
<msg timestamp="20220131 10:55:16.510" level="INFO" html="true">&lt;/td&gt;&lt;/tr&gt;&lt;tr&gt;&lt;td colspan="3"&gt;&lt;a href="selenium-screenshot-45.png"&gt;&lt;img src="selenium-screenshot-45.png" width="800px"&gt;&lt;/a&gt;</msg>
<status status="PASS" starttime="20220131 10:55:16.283" endtime="20220131 10:55:16.510"/>
</kw>
<msg timestamp="20220131 10:55:16.511" level="FAIL">Element with locator '//input[@name="username"]' not found.</msg>
<status status="FAIL" starttime="20220131 10:55:16.252" endtime="20220131 10:55:16.511"/>
</kw>
<kw name="Input Text" library="SeleniumLibrary">
<arg>${UserName_LogIn}</arg>
<arg>${UserName_Sandbox}</arg>
<doc>Types the given ``text`` into the text field identified by ``locator``.</doc>
<msg timestamp="20220131 10:55:17.516" level="INFO">Typing text 'Sameh' into text field '//input[@name="username"]'.</msg>
<kw name="Capture Page Screenshot" library="SeleniumLibrary">
<doc>Takes a screenshot of the current page and embeds it into a log file.</doc>
<msg timestamp="20220131 10:55:18.519" level="INFO" html="true">&lt;/td&gt;&lt;/tr&gt;&lt;tr&gt;&lt;td colspan="3"&gt;&lt;a href="selenium-screenshot-46.png"&gt;&lt;img src="selenium-screenshot-46.png" width="800px"&gt;&lt;/a&gt;</msg>
<status status="PASS" starttime="20220131 10:55:17.525" endtime="20220131 10:55:18.519"/>
</kw>
<msg timestamp="20220131 10:55:18.520" level="FAIL">Element with locator '//input[@name="username"]' not found.</msg>
<status status="FAIL" starttime="20220131 10:55:17.516" endtime="20220131 10:55:18.521"/>
</kw>
<kw name="Input Text" library="SeleniumLibrary">
<arg>${UserName_LogIn}</arg>
<arg>${UserName_Sandbox}</arg>
<doc>Types the given ``text`` into the text field identified by ``locator``.</doc>
<msg timestamp="20220131 10:55:19.523" level="INFO">Typing text 'Sameh' into text field '//input[@name="username"]'.</msg>
<status status="PASS" starttime="20220131 10:55:19.522" endtime="20220131 10:55:19.592"/>
</kw>
<status status="PASS" starttime="20220131 10:55:14.999" endtime="20220131 10:55:19.592"/>
</kw>
<kw name="Input Password" library="SeleniumLibrary">
<arg>${Password_LogIn}</arg>
<arg>${Password_Sandbox}</arg>
<doc>Types the given password into the text field identified by ``locator``.</doc>
<msg timestamp="20220131 10:55:19.592" level="INFO">Typing password into text field '//input[@id="password"]'.</msg>
<msg timestamp="20220131 10:55:19.630" level="INFO">Temporally setting log level to: NONE</msg>
<msg timestamp="20220131 10:55:19.691" level="INFO">Log level changed from NONE to INFO.</msg>
<status status="PASS" starttime="20220131 10:55:19.592" endtime="20220131 10:55:19.691"/>
</kw>
<kw name="Click Element" library="SeleniumLibrary">
<arg>${SignInButton_LogIn}</arg>
<doc>Click the element identified by ``locator``.</doc>
<msg timestamp="20220131 10:55:19.692" level="INFO">Clicking element '//button//span[.="Sign in"]'.</msg>
<status status="PASS" starttime="20220131 10:55:19.692" endtime="20220131 10:55:19.738"/>
</kw>
<status status="PASS" starttime="20220131 10:55:11.602" endtime="20220131 10:55:19.738"/>
</kw>
<kw name="Click on SideBar Icons" library="P_AdCommon">
<arg>${Areas}</arg>
<kw name="Wait Until Element Is Visible" library="SeleniumLibrary">
<arg>${SideBarIcon}</arg>
<doc>Waits until the element ``locator`` is visible.</doc>
<status status="PASS" starttime="20220131 10:55:19.739" endtime="20220131 10:55:20.840"/>
</kw>
<kw name="Click Link" library="SeleniumLibrary">
<arg>${SideBarIcon}</arg>
<doc>Clicks a link identified by ``locator``.</doc>
<msg timestamp="20220131 10:55:20.841" level="INFO">Clicking link '//div//a[@href="#/Area"]'.</msg>
<status status="PASS" starttime="20220131 10:55:20.841" endtime="20220131 10:55:20.936"/>
</kw>
<status status="PASS" starttime="20220131 10:55:19.738" endtime="20220131 10:55:20.937"/>
</kw>
<kw name="Create a New Area" library="P_AdArea">
<arg>${Name_NArea}</arg>
<arg>${Extali_NArea}</arg>
<arg>${Lat_NArea}</arg>
<arg>${Lng_NArea}</arg>
<arg>${Rad_NArea}</arg>
<kw name="Click Any Element" library="P_AdCommon">
<arg>${CreatedAt_Area}</arg>
<kw name="Wait Until Keyword Succeeds" library="BuiltIn">
<arg>1000s</arg>
<arg>1s</arg>
<arg>wait until page contains element</arg>
<arg>${AnyELement}</arg>
<doc>Runs the specified keyword and retries if it fails.</doc>
<kw name="Wait Until Page Contains Element" library="SeleniumLibrary">
<arg>${AnyELement}</arg>
<doc>Waits until the element ``locator`` appears on the current page.</doc>
<status status="PASS" starttime="20220131 10:55:20.939" endtime="20220131 10:55:20.949"/>
</kw>
<status status="PASS" starttime="20220131 10:55:20.939" endtime="20220131 10:55:20.949"/>
</kw>
<kw name="Click Element" library="SeleniumLibrary">
<arg>${AnyELement}</arg>
<doc>Click the element identified by ``locator``.</doc>
<msg timestamp="20220131 10:55:20.950" level="INFO">Clicking element '//a[@href="#/Area/create"]'.</msg>
<status status="PASS" starttime="20220131 10:55:20.950" endtime="20220131 10:55:21.032"/>
</kw>
<status status="PASS" starttime="20220131 10:55:20.938" endtime="20220131 10:55:21.032"/>
</kw>
<kw name="Wait Until Element Is Visible" library="SeleniumLibrary">
<arg>${Name_CreateArea}</arg>
<doc>Waits until the element ``locator`` is visible.</doc>
<status status="PASS" starttime="20220131 10:55:21.032" endtime="20220131 10:55:21.061"/>
</kw>
<kw name="Input Text" library="SeleniumLibrary">
<arg>${Name_CreateArea}</arg>
<arg>${Name_NArea}</arg>
<doc>Types the given ``text`` into the text field identified by ``locator``.</doc>
<msg timestamp="20220131 10:55:21.062" level="INFO">Typing text 'Cairo TrialD3' into text field '//div//input[@id="name"]'.</msg>
<status status="PASS" starttime="20220131 10:55:21.061" endtime="20220131 10:55:21.188"/>
</kw>
<kw name="Input Text" library="SeleniumLibrary">
<arg>${ExternalAllina_CreateArea}</arg>
<arg>${Extali_NArea}</arg>
<doc>Types the given ``text`` into the text field identified by ``locator``.</doc>
<msg timestamp="20220131 10:55:21.189" level="INFO">Typing text 'CT 2' into text field '//div//input[@id="externalAlias"]'.</msg>
<status status="PASS" starttime="20220131 10:55:21.188" endtime="20220131 10:55:21.270"/>
</kw>
<kw name="Input Text" library="SeleniumLibrary">
<arg>${Lat_CreateArea}</arg>
<arg>${Lat_NArea}</arg>
<doc>Types the given ``text`` into the text field identified by ``locator``.</doc>
<msg timestamp="20220131 10:55:21.271" level="INFO">Typing text '30.054832761952568' into text field '//input[@id="lat"]'.</msg>
<status status="PASS" starttime="20220131 10:55:21.270" endtime="20220131 10:55:21.403"/>
</kw>
<kw name="Input Text" library="SeleniumLibrary">
<arg>${Lng_CreateArea}</arg>
<arg>${Lng_NArea}</arg>
<doc>Types the given ``text`` into the text field identified by ``locator``.</doc>
<msg timestamp="20220131 10:55:21.404" level="INFO">Typing text '31.455402717024562' into text field '//input[@id="lng"]'.</msg>
<status status="PASS" starttime="20220131 10:55:21.403" endtime="20220131 10:55:21.539"/>
</kw>
<kw name="Input Text" library="SeleniumLibrary">
<arg>${Radius_CreateArea}</arg>
<arg>${Rad_NArea}</arg>
<doc>Types the given ``text`` into the text field identified by ``locator``.</doc>
<msg timestamp="20220131 10:55:21.540" level="INFO">Typing text '20' into text field '//input[@id="radius"]'.</msg>
<status status="PASS" starttime="20220131 10:55:21.540" endtime="20220131 10:55:21.614"/>
</kw>
<kw name="Click on Specific Button" library="P_AdCommon">
<arg>${Save_CreateArea}</arg>
<kw name="Wait Until Keyword Succeeds" library="BuiltIn">
<arg>1000s</arg>
<arg>1s</arg>
<arg>wait until element is visible</arg>
<arg>${AnyButton}</arg>
<doc>Runs the specified keyword and retries if it fails.</doc>
<kw name="Wait Until Element Is Visible" library="SeleniumLibrary">
<arg>${AnyButton}</arg>
<doc>Waits until the element ``locator`` is visible.</doc>
<status status="PASS" starttime="20220131 10:55:21.615" endtime="20220131 10:55:21.631"/>
</kw>
<status status="PASS" starttime="20220131 10:55:21.614" endtime="20220131 10:55:21.631"/>
</kw>
<kw name="Click Button" library="SeleniumLibrary">
<arg>${AnyButton}</arg>
<doc>Clicks the button identified by ``locator``.</doc>
<msg timestamp="20220131 10:55:21.631" level="INFO">Clicking button '//button[@aria-label="Save"]'.</msg>
<status status="PASS" starttime="20220131 10:55:21.631" endtime="20220131 10:55:21.686"/>
</kw>
<status status="PASS" starttime="20220131 10:55:21.614" endtime="20220131 10:55:21.686"/>
</kw>
<status status="PASS" starttime="20220131 10:55:20.937" endtime="20220131 10:55:21.686"/>
</kw>
<status status="PASS" starttime="20220131 10:55:11.601" endtime="20220131 10:55:21.687"/>
</test>
<test id="s1-t2" name="Page should contain the new created Area">
<kw name="Click on SideBar Icons" library="P_AdCommon">
<arg>${Areas}</arg>
<kw name="Wait Until Element Is Visible" library="SeleniumLibrary">
<arg>${SideBarIcon}</arg>
<doc>Waits until the element ``locator`` is visible.</doc>
<status status="PASS" starttime="20220131 10:55:21.689" endtime="20220131 10:55:21.706"/>
</kw>
<kw name="Click Link" library="SeleniumLibrary">
<arg>${SideBarIcon}</arg>
<doc>Clicks a link identified by ``locator``.</doc>
<msg timestamp="20220131 10:55:21.707" level="INFO">Clicking link '//div//a[@href="#/Area"]'.</msg>
<status status="PASS" starttime="20220131 10:55:21.707" endtime="20220131 10:55:21.867"/>
</kw>
<status status="PASS" starttime="20220131 10:55:21.689" endtime="20220131 10:55:21.868"/>
</kw>
<kw name="Verify that Created Area is Exist" library="P_AdArea">
<arg>${NewCreatedArea}</arg>
<kw name="Wait Until Keyword Succeeds" library="BuiltIn">
<arg>1000s</arg>
<arg>1s</arg>
<arg>wait until page contains element</arg>
<arg>${NewCreatedArea}</arg>
<doc>Runs the specified keyword and retries if it fails.</doc>
<kw name="Wait Until Page Contains Element" library="SeleniumLibrary">
<arg>${NewCreatedArea}</arg>
<doc>Waits until the element ``locator`` appears on the current page.</doc>
<kw name="Capture Page Screenshot" library="SeleniumLibrary">
<doc>Takes a screenshot of the current page and embeds it into a log file.</doc>
<msg timestamp="20220131 10:55:27.286" level="INFO" html="true">&lt;/td&gt;&lt;/tr&gt;&lt;tr&gt;&lt;td colspan="3"&gt;&lt;a href="selenium-screenshot-47.png"&gt;&lt;img src="selenium-screenshot-47.png" width="800px"&gt;&lt;/a&gt;</msg>
<status status="PASS" starttime="20220131 10:55:27.038" endtime="20220131 10:55:27.286"/>
</kw>
<msg timestamp="20220131 10:55:27.288" level="FAIL">Element '//td//span[.="Cairo TrialD3"]' did not appear in 5 seconds.</msg>
<status status="FAIL" starttime="20220131 10:55:21.869" endtime="20220131 10:55:27.288"/>
</kw>
<kw name="Wait Until Page Contains Element" library="SeleniumLibrary">
<arg>${NewCreatedArea}</arg>
<doc>Waits until the element ``locator`` appears on the current page.</doc>
<status status="PASS" starttime="20220131 10:55:28.300" endtime="20220131 10:55:29.961"/>
</kw>
<status status="PASS" starttime="20220131 10:55:21.869" endtime="20220131 10:55:29.961"/>
</kw>
<kw name="Page Should Contain Element" library="SeleniumLibrary">
<arg>${NewCreatedArea}</arg>
<doc>Verifies that element ``locator`` is found on the current page.</doc>
<msg timestamp="20220131 10:55:29.969" level="INFO">Current page contains element '//td//span[.="Cairo TrialD3"]'.</msg>
<status status="PASS" starttime="20220131 10:55:29.961" endtime="20220131 10:55:29.969"/>
</kw>
<status status="PASS" starttime="20220131 10:55:21.868" endtime="20220131 10:55:29.970"/>
</kw>
<kw name="Close Browser" library="SeleniumLibrary">
<doc>Closes the current browser.</doc>
<status status="PASS" starttime="20220131 10:55:29.970" endtime="20220131 10:55:32.082"/>
</kw>
<status status="PASS" starttime="20220131 10:55:21.688" endtime="20220131 10:55:32.084"/>
</test>
<test id="s1-t3" name="Create New Facility TC">
<kw name="Log_In_NurseDash" library="P_AdCommon">
<kw name="Open Browser" library="SeleniumLibrary">
<arg>${SandboxWeb}</arg>
<arg>${Chrome_Browser}</arg>
<doc>Opens a new browser instance to the optional ``url``.</doc>
<msg timestamp="20220131 10:55:32.090" level="INFO">Opening browser 'chrome' to base url 'https://admin-sandbox.nursedash.com/#/login'.</msg>
<status status="PASS" starttime="20220131 10:55:32.089" endtime="20220131 10:55:34.748"/>
</kw>
<kw name="Maximize Browser Window" library="SeleniumLibrary">
<doc>Maximizes current browser window.</doc>
<status status="PASS" starttime="20220131 10:55:34.748" endtime="20220131 10:55:34.868"/>
</kw>
<kw name="Wait Until Keyword Succeeds" library="BuiltIn">
<arg>1000s</arg>
<arg>1s</arg>
<arg>input text</arg>
<arg>${UserName_LogIn}</arg>
<arg>${UserName_Sandbox}</arg>
<doc>Runs the specified keyword and retries if it fails.</doc>
<kw name="Input Text" library="SeleniumLibrary">
<arg>${UserName_LogIn}</arg>
<arg>${UserName_Sandbox}</arg>
<doc>Types the given ``text`` into the text field identified by ``locator``.</doc>
<msg timestamp="20220131 10:55:34.871" level="INFO">Typing text 'Sameh' into text field '//input[@name="username"]'.</msg>
<kw name="Capture Page Screenshot" library="SeleniumLibrary">
<doc>Takes a screenshot of the current page and embeds it into a log file.</doc>
<msg timestamp="20220131 10:55:35.084" level="INFO" html="true">&lt;/td&gt;&lt;/tr&gt;&lt;tr&gt;&lt;td colspan="3"&gt;&lt;a href="selenium-screenshot-48.png"&gt;&lt;img src="selenium-screenshot-48.png" width="800px"&gt;&lt;/a&gt;</msg>
<status status="PASS" starttime="20220131 10:55:34.895" endtime="20220131 10:55:35.084"/>
</kw>
<msg timestamp="20220131 10:55:35.085" level="FAIL">Element with locator '//input[@name="username"]' not found.</msg>
<status status="FAIL" starttime="20220131 10:55:34.870" endtime="20220131 10:55:35.085"/>
</kw>
<kw name="Input Text" library="SeleniumLibrary">
<arg>${UserName_LogIn}</arg>
<arg>${UserName_Sandbox}</arg>
<doc>Types the given ``text`` into the text field identified by ``locator``.</doc>
<msg timestamp="20220131 10:55:36.092" level="INFO">Typing text 'Sameh' into text field '//input[@name="username"]'.</msg>
<kw name="Capture Page Screenshot" library="SeleniumLibrary">
<doc>Takes a screenshot of the current page and embeds it into a log file.</doc>
<msg timestamp="20220131 10:55:36.297" level="INFO" html="true">&lt;/td&gt;&lt;/tr&gt;&lt;tr&gt;&lt;td colspan="3"&gt;&lt;a href="selenium-screenshot-49.png"&gt;&lt;img src="selenium-screenshot-49.png" width="800px"&gt;&lt;/a&gt;</msg>
<status status="PASS" starttime="20220131 10:55:36.115" endtime="20220131 10:55:36.297"/>
</kw>
<msg timestamp="20220131 10:55:36.298" level="FAIL">Element with locator '//input[@name="username"]' not found.</msg>
<status status="FAIL" starttime="20220131 10:55:36.089" endtime="20220131 10:55:36.298"/>
</kw>
<kw name="Input Text" library="SeleniumLibrary">
<arg>${UserName_LogIn}</arg>
<arg>${UserName_Sandbox}</arg>
<doc>Types the given ``text`` into the text field identified by ``locator``.</doc>
<msg timestamp="20220131 10:55:37.310" level="INFO">Typing text 'Sameh' into text field '//input[@name="username"]'.</msg>
<status status="PASS" starttime="20220131 10:55:37.310" endtime="20220131 10:55:37.572"/>
</kw>
<status status="PASS" starttime="20220131 10:55:34.868" endtime="20220131 10:55:37.572"/>
</kw>
<kw name="Input Password" library="SeleniumLibrary">
<arg>${Password_LogIn}</arg>
<arg>${Password_Sandbox}</arg>
<doc>Types the given password into the text field identified by ``locator``.</doc>
<msg timestamp="20220131 10:55:37.573" level="INFO">Typing password into text field '//input[@id="password"]'.</msg>
<msg timestamp="20220131 10:55:37.606" level="INFO">Temporally setting log level to: NONE</msg>
<msg timestamp="20220131 10:55:37.668" level="INFO">Log level changed from NONE to INFO.</msg>
<status status="PASS" starttime="20220131 10:55:37.572" endtime="20220131 10:55:37.668"/>
</kw>
<kw name="Click Element" library="SeleniumLibrary">
<arg>${SignInButton_LogIn}</arg>
<doc>Click the element identified by ``locator``.</doc>
<msg timestamp="20220131 10:55:37.668" level="INFO">Clicking element '//button//span[.="Sign in"]'.</msg>
<status status="PASS" starttime="20220131 10:55:37.668" endtime="20220131 10:55:37.713"/>
</kw>
<status status="PASS" starttime="20220131 10:55:32.088" endtime="20220131 10:55:37.714"/>
</kw>
<kw name="Click on SideBar Icons" library="P_AdCommon">
<arg>${Facilities}</arg>
<kw name="Wait Until Element Is Visible" library="SeleniumLibrary">
<arg>${SideBarIcon}</arg>
<doc>Waits until the element ``locator`` is visible.</doc>
<status status="PASS" starttime="20220131 10:55:37.714" endtime="20220131 10:55:38.642"/>
</kw>
<kw name="Click Link" library="SeleniumLibrary">
<arg>${SideBarIcon}</arg>
<doc>Clicks a link identified by ``locator``.</doc>
<msg timestamp="20220131 10:55:38.643" level="INFO">Clicking link '//div//a[@href="#/Facility"]'.</msg>
<status status="PASS" starttime="20220131 10:55:38.642" endtime="20220131 10:55:38.746"/>
</kw>
<status status="PASS" starttime="20220131 10:55:37.714" endtime="20220131 10:55:38.746"/>
</kw>
<kw name="Wait Until Page Contains Element" library="SeleniumLibrary">
<arg>${Create_Facility}</arg>
<doc>Waits until the element ``locator`` appears on the current page.</doc>
<status status="PASS" starttime="20220131 10:55:38.747" endtime="20220131 10:55:38.758"/>
</kw>
<kw name="Create New Facility" library="P_AdFacilities">
<arg>${Name_NewFacility}</arg>
<arg>${ShortName_NewFacility}</arg>
<arg>${Image_NewFacility}</arg>
<arg>${Pdf_NewFacility}</arg>
<arg>${Email_NewFacility}</arg>
<arg>${Phone_NewFacility}</arg>
<arg>${Address_NewFacility}</arg>
<arg>${LogIn_NewFacility}</arg>
<arg>${Password_NewFacility}</arg>
<arg>${Lat_NewFacility}</arg>
<arg>${Lng_NewFacility}</arg>
<kw name="Click Any Element" library="P_AdCommon">
<arg>${Create_Facility}</arg>
<kw name="Wait Until Keyword Succeeds" library="BuiltIn">
<arg>1000s</arg>
<arg>1s</arg>
<arg>wait until page contains element</arg>
<arg>${AnyELement}</arg>
<doc>Runs the specified keyword and retries if it fails.</doc>
<kw name="Wait Until Page Contains Element" library="SeleniumLibrary">
<arg>${AnyELement}</arg>
<doc>Waits until the element ``locator`` appears on the current page.</doc>
<status status="PASS" starttime="20220131 10:55:38.760" endtime="20220131 10:55:38.765"/>
</kw>
<status status="PASS" starttime="20220131 10:55:38.759" endtime="20220131 10:55:38.765"/>
</kw>
<kw name="Click Element" library="SeleniumLibrary">
<arg>${AnyELement}</arg>
<doc>Click the element identified by ``locator``.</doc>
<msg timestamp="20220131 10:55:38.766" level="INFO">Clicking element '//div//a[@href="#/Facility/create"]'.</msg>
<status status="PASS" starttime="20220131 10:55:38.766" endtime="20220131 10:55:38.900"/>
</kw>
<status status="PASS" starttime="20220131 10:55:38.759" endtime="20220131 10:55:38.900"/>
</kw>
<kw name="Wait Until Page Contains Element" library="SeleniumLibrary">
<arg>${Name_Main_Facility}</arg>
<doc>Waits until the element ``locator`` appears on the current page.</doc>
<status status="PASS" starttime="20220131 10:55:38.901" endtime="20220131 10:55:38.911"/>
</kw>
<kw name="Input Text" library="SeleniumLibrary">
<arg>${Name_Main_Facility}</arg>
<arg>${Name_NewFacility}</arg>
<doc>Types the given ``text`` into the text field identified by ``locator``.</doc>
<msg timestamp="20220131 10:55:38.912" level="INFO">Typing text 'Sameh TrialD3' into text field '//div//input[@id="name"]'.</msg>
<status status="PASS" starttime="20220131 10:55:38.911" endtime="20220131 10:55:39.056"/>
</kw>
<kw name="Input Text" library="SeleniumLibrary">
<arg>${ShortName_Main_Facility}</arg>
<arg>${ShortName_NewFacility}</arg>
<doc>Types the given ``text`` into the text field identified by ``locator``.</doc>
<msg timestamp="20220131 10:55:39.056" level="INFO">Typing text 'STTrialD3' into text field '//div//input[@id="short_name"]'.</msg>
<status status="PASS" starttime="20220131 10:55:39.056" endtime="20220131 10:55:39.274"/>
</kw>
<kw name="Choose File" library="SeleniumLibrary">
<arg>${DropImage_Main_Facility}</arg>
<arg>${Image_NewFacility}</arg>
<doc>Inputs the ``file_path`` into the file input field ``locator``.</doc>
<msg timestamp="20220131 10:55:39.275" level="INFO">Sending C:\Users\Israa\PycharmProjects\NurseDashRegressionVersion1\Resources\Test Data\Hospital1.jpg to browser.</msg>
<status status="PASS" starttime="20220131 10:55:39.275" endtime="20220131 10:55:39.314"/>
</kw>
<kw name="Choose File" library="SeleniumLibrary">
<arg>${DropPDF_Main_Facility}</arg>
<arg>${Pdf_NewFacility}</arg>
<doc>Inputs the ``file_path`` into the file input field ``locator``.</doc>
<msg timestamp="20220131 10:55:39.315" level="INFO">Sending C:\Users\Israa\PycharmProjects\NurseDashRegressionVersion1\Resources\Test Data\OrintationFacility.pdf to browser.</msg>
<status status="PASS" starttime="20220131 10:55:39.314" endtime="20220131 10:55:39.422"/>
</kw>
<kw name="Click Any Element" library="P_AdCommon">
<arg>${ShowForAllNurses_Main_Facility}</arg>
<kw name="Wait Until Keyword Succeeds" library="BuiltIn">
<arg>1000s</arg>
<arg>1s</arg>
<arg>wait until page contains element</arg>
<arg>${AnyELement}</arg>
<doc>Runs the specified keyword and retries if it fails.</doc>
<kw name="Wait Until Page Contains Element" library="SeleniumLibrary">
<arg>${AnyELement}</arg>
<doc>Waits until the element ``locator`` appears on the current page.</doc>
<status status="PASS" starttime="20220131 10:55:39.423" endtime="20220131 10:55:39.443"/>
</kw>
<status status="PASS" starttime="20220131 10:55:39.423" endtime="20220131 10:55:39.443"/>
</kw>
<kw name="Click Element" library="SeleniumLibrary">
<arg>${AnyELement}</arg>
<doc>Click the element identified by ``locator``.</doc>
<msg timestamp="20220131 10:55:39.443" level="INFO">Clicking element '//span//input[@id="isOrientationMaterialsShowForAll"]'.</msg>
<status status="PASS" starttime="20220131 10:55:39.443" endtime="20220131 10:55:39.495"/>
</kw>
<status status="PASS" starttime="20220131 10:55:39.422" endtime="20220131 10:55:39.496"/>
</kw>
<kw name="Click Any Element" library="P_AdCommon">
<arg>${AddEmail_Main_Facility}</arg>
<kw name="Wait Until Keyword Succeeds" library="BuiltIn">
<arg>1000s</arg>
<arg>1s</arg>
<arg>wait until page contains element</arg>
<arg>${AnyELement}</arg>
<doc>Runs the specified keyword and retries if it fails.</doc>
<kw name="Wait Until Page Contains Element" library="SeleniumLibrary">
<arg>${AnyELement}</arg>
<doc>Waits until the element ``locator`` appears on the current page.</doc>
<status status="PASS" starttime="20220131 10:55:39.497" endtime="20220131 10:55:39.508"/>
</kw>
<status status="PASS" starttime="20220131 10:55:39.496" endtime="20220131 10:55:39.508"/>
</kw>
<kw name="Click Element" library="SeleniumLibrary">
<arg>${AnyELement}</arg>
<doc>Click the element identified by ``locator``.</doc>
<msg timestamp="20220131 10:55:39.508" level="INFO">Clicking element '//button[@class="MuiButtonBase-root MuiButton-root MuiButton-text button-add button-add-emailList MuiButton-textSizeSmall MuiButton-sizeSmall"]'.</msg>
<status status="PASS" starttime="20220131 10:55:39.508" endtime="20220131 10:55:39.566"/>
</kw>
<status status="PASS" starttime="20220131 10:55:39.496" endtime="20220131 10:55:39.566"/>
</kw>
<kw name="Wait Until Page Contains Element" library="SeleniumLibrary">
<arg>${InputEmail_Main_Facility}</arg>
<doc>Waits until the element ``locator`` appears on the current page.</doc>
<status status="PASS" starttime="20220131 10:55:39.566" endtime="20220131 10:55:39.579"/>
</kw>
<kw name="Input Text" library="SeleniumLibrary">
<arg>${InputEmail_Main_Facility}</arg>
<arg>${Email_NewFacility}</arg>
<doc>Types the given ``text`` into the text field identified by ``locator``.</doc>
<msg timestamp="20220131 10:55:39.580" level="INFO">Typing text 'Sameh1@Test.com' into text field '//div//input[@id="emailList[0].email"]'.</msg>
<status status="PASS" starttime="20220131 10:55:39.579" endtime="20220131 10:55:39.743"/>
</kw>
<kw name="Click Any Element" library="P_AdCommon">
<arg>${AddPhone_Main_Facility}</arg>
<kw name="Wait Until Keyword Succeeds" library="BuiltIn">
<arg>1000s</arg>
<arg>1s</arg>
<arg>wait until page contains element</arg>
<arg>${AnyELement}</arg>
<doc>Runs the specified keyword and retries if it fails.</doc>
<kw name="Wait Until Page Contains Element" library="SeleniumLibrary">
<arg>${AnyELement}</arg>
<doc>Waits until the element ``locator`` appears on the current page.</doc>
<status status="PASS" starttime="20220131 10:55:39.744" endtime="20220131 10:55:39.758"/>
</kw>
<status status="PASS" starttime="20220131 10:55:39.744" endtime="20220131 10:55:39.758"/>
</kw>
<kw name="Click Element" library="SeleniumLibrary">
<arg>${AnyELement}</arg>
<doc>Click the element identified by ``locator``.</doc>
<msg timestamp="20220131 10:55:39.758" level="INFO">Clicking element '//button[@class="MuiButtonBase-root MuiButton-root MuiButton-text button-add button-add-phones MuiButton-textSizeSmall MuiButton-sizeSmall"]'.</msg>
<status status="PASS" starttime="20220131 10:55:39.758" endtime="20220131 10:55:39.813"/>
</kw>
<status status="PASS" starttime="20220131 10:55:39.743" endtime="20220131 10:55:39.814"/>
</kw>
<kw name="Wait Until Page Contains Element" library="SeleniumLibrary">
<arg>${InputPhone_Main_Facility}</arg>
<doc>Waits until the element ``locator`` appears on the current page.</doc>
<status status="PASS" starttime="20220131 10:55:39.814" endtime="20220131 10:55:39.826"/>
</kw>
<kw name="Input Text" library="SeleniumLibrary">
<arg>${InputPhone_Main_Facility}</arg>
<arg>${Phone_NewFacility}</arg>
<doc>Types the given ``text`` into the text field identified by ``locator``.</doc>
<msg timestamp="20220131 10:55:39.827" level="INFO">Typing text '89756392' into text field '//div//input[@id="phones[0].phone"]'.</msg>
<status status="PASS" starttime="20220131 10:55:39.826" endtime="20220131 10:55:39.949"/>
</kw>
<kw name="Click Any Element" library="P_AdCommon">
<arg>${AllowedQualifications_Main_Facility}</arg>
<kw name="Wait Until Keyword Succeeds" library="BuiltIn">
<arg>1000s</arg>
<arg>1s</arg>
<arg>wait until page contains element</arg>
<arg>${AnyELement}</arg>
<doc>Runs the specified keyword and retries if it fails.</doc>
<kw name="Wait Until Page Contains Element" library="SeleniumLibrary">
<arg>${AnyELement}</arg>
<doc>Waits until the element ``locator`` appears on the current page.</doc>
<status status="PASS" starttime="20220131 10:55:39.950" endtime="20220131 10:55:39.963"/>
</kw>
<status status="PASS" starttime="20220131 10:55:39.949" endtime="20220131 10:55:39.963"/>
</kw>
<kw name="Click Element" library="SeleniumLibrary">
<arg>${AnyELement}</arg>
<doc>Click the element identified by ``locator``.</doc>
<msg timestamp="20220131 10:55:39.964" level="INFO">Clicking element '//div[@id="mui-component-select-allowedQualifications"]'.</msg>
<status status="PASS" starttime="20220131 10:55:39.963" endtime="20220131 10:55:40.025"/>
</kw>
<status status="PASS" starttime="20220131 10:55:39.949" endtime="20220131 10:55:40.025"/>
</kw>
<kw name="Click Any Element" library="P_AdCommon">
<arg>${COVIDVaccine_AllowedQual_Main_Facility}</arg>
<kw name="Wait Until Keyword Succeeds" library="BuiltIn">
<arg>1000s</arg>
<arg>1s</arg>
<arg>wait until page contains element</arg>
<arg>${AnyELement}</arg>
<doc>Runs the specified keyword and retries if it fails.</doc>
<kw name="Wait Until Page Contains Element" library="SeleniumLibrary">
<arg>${AnyELement}</arg>
<doc>Waits until the element ``locator`` appears on the current page.</doc>
<status status="PASS" starttime="20220131 10:55:40.026" endtime="20220131 10:55:40.042"/>
</kw>
<status status="PASS" starttime="20220131 10:55:40.026" endtime="20220131 10:55:40.043"/>
</kw>
<kw name="Click Element" library="SeleniumLibrary">
<arg>${AnyELement}</arg>
<doc>Click the element identified by ``locator``.</doc>
<msg timestamp="20220131 10:55:40.043" level="INFO">Clicking element '//ul//li[@data-value="COVID Vaccine"]'.</msg>
<status status="PASS" starttime="20220131 10:55:40.043" endtime="20220131 10:55:40.108"/>
</kw>
<status status="PASS" starttime="20220131 10:55:40.025" endtime="20220131 10:55:40.108"/>
</kw>
<kw name="Click Any Element" library="P_AdCommon">
<arg>${MTF_AllowedQual_Main_Facility}</arg>
<kw name="Wait Until Keyword Succeeds" library="BuiltIn">
<arg>1000s</arg>
<arg>1s</arg>
<arg>wait until page contains element</arg>
<arg>${AnyELement}</arg>
<doc>Runs the specified keyword and retries if it fails.</doc>
<kw name="Wait Until Page Contains Element" library="SeleniumLibrary">
<arg>${AnyELement}</arg>
<doc>Waits until the element ``locator`` appears on the current page.</doc>
<status status="PASS" starttime="20220131 10:55:40.109" endtime="20220131 10:55:40.121"/>
</kw>
<status status="PASS" starttime="20220131 10:55:40.109" endtime="20220131 10:55:40.121"/>
</kw>
<kw name="Click Element" library="SeleniumLibrary">
<arg>${AnyELement}</arg>
<doc>Click the element identified by ``locator``.</doc>
<msg timestamp="20220131 10:55:40.121" level="INFO">Clicking element '//li[@data-value="MTF"]'.</msg>
<status status="PASS" starttime="20220131 10:55:40.121" endtime="20220131 10:55:40.163"/>
</kw>
<status status="PASS" starttime="20220131 10:55:40.109" endtime="20220131 10:55:40.163"/>
</kw>
<kw name="Click Any Element" library="P_AdCommon">
<arg>${LVN_AllowedQual_Main_Facility}</arg>
<kw name="Wait Until Keyword Succeeds" library="BuiltIn">
<arg>1000s</arg>
<arg>1s</arg>
<arg>wait until page contains element</arg>
<arg>${AnyELement}</arg>
<doc>Runs the specified keyword and retries if it fails.</doc>
<kw name="Wait Until Page Contains Element" library="SeleniumLibrary">
<arg>${AnyELement}</arg>
<doc>Waits until the element ``locator`` appears on the current page.</doc>
<status status="PASS" starttime="20220131 10:55:40.164" endtime="20220131 10:55:40.176"/>
</kw>
<status status="PASS" starttime="20220131 10:55:40.163" endtime="20220131 10:55:40.176"/>
</kw>
<kw name="Click Element" library="SeleniumLibrary">
<arg>${AnyELement}</arg>
<doc>Click the element identified by ``locator``.</doc>
<msg timestamp="20220131 10:55:40.176" level="INFO">Clicking element '//ul//li[@data-value="LVN"]'.</msg>
<status status="PASS" starttime="20220131 10:55:40.176" endtime="20220131 10:55:40.215"/>
</kw>
<status status="PASS" starttime="20220131 10:55:40.163" endtime="20220131 10:55:40.216"/>
</kw>
<kw name="Click Element At Coordinates" library="SeleniumLibrary">
<arg>${AllowedQualifications_Main_Facility}</arg>
<arg>60</arg>
<arg>0</arg>
<doc>Click the element ``locator`` at ``xoffset/yoffset``.</doc>
<msg timestamp="20220131 10:55:40.216" level="INFO">Clicking element '//div[@id="mui-component-select-allowedQualifications"]' at coordinates x=60, y=0.</msg>
<status status="PASS" starttime="20220131 10:55:40.216" endtime="20220131 10:55:40.766"/>
</kw>
<kw name="Input Text" library="SeleniumLibrary">
<arg>${Address_Main_Facility}</arg>
<arg>${Address_NewFacility}</arg>
<doc>Types the given ``text`` into the text field identified by ``locator``.</doc>
<msg timestamp="20220131 10:55:40.767" level="INFO">Typing text '6 Chicaggo, USA' into text field '//div//input[@id="address"]'.</msg>
<status status="PASS" starttime="20220131 10:55:40.766" endtime="20220131 10:55:40.914"/>
</kw>
<kw name="Input Text" library="SeleniumLibrary">
<arg>${LogIn_Main_Facility}</arg>
<arg>${LogIn_NewFacility}</arg>
<doc>Types the given ``text`` into the text field identified by ``locator``.</doc>
<msg timestamp="20220131 10:55:40.914" level="INFO">Typing text 'Sameh TD1' into text field '//input[@id="login"]'.</msg>
<status status="PASS" starttime="20220131 10:55:40.914" endtime="20220131 10:55:41.044"/>
</kw>
<kw name="Input Text" library="SeleniumLibrary">
<arg>${Password_Main_Facility}</arg>
<arg>${Password_NewFacility}</arg>
<doc>Types the given ``text`` into the text field identified by ``locator``.</doc>
<msg timestamp="20220131 10:55:41.045" level="INFO">Typing text 'SamehTD1' into text field '//input[@id="password"]'.</msg>
<status status="PASS" starttime="20220131 10:55:41.045" endtime="20220131 10:55:41.148"/>
</kw>
<kw name="Input Text" library="SeleniumLibrary">
<arg>${Lat_Main_Facility}</arg>
<arg>${Lat_NewFacility}</arg>
<doc>Types the given ``text`` into the text field identified by ``locator``.</doc>
<msg timestamp="20220131 10:55:41.148" level="INFO">Typing text '30.033844615152024' into text field '//input[@id="lat"]'.</msg>
<status status="PASS" starttime="20220131 10:55:41.148" endtime="20220131 10:55:41.299"/>
</kw>
<kw name="Input Text" library="SeleniumLibrary">
<arg>${Lng_Main_Facility}</arg>
<arg>${Lng_NewFacility}</arg>
<doc>Types the given ``text`` into the text field identified by ``locator``.</doc>
<msg timestamp="20220131 10:55:41.300" level="INFO">Typing text '31.212852419413874' into text field '//input[@id="lng"]'.</msg>
<status status="PASS" starttime="20220131 10:55:41.299" endtime="20220131 10:55:41.445"/>
</kw>
<kw name="Click Any Element" library="P_AdCommon">
<arg>${SelectArea_Main_Facility}</arg>
<kw name="Wait Until Keyword Succeeds" library="BuiltIn">
<arg>1000s</arg>
<arg>1s</arg>
<arg>wait until page contains element</arg>
<arg>${AnyELement}</arg>
<doc>Runs the specified keyword and retries if it fails.</doc>
<kw name="Wait Until Page Contains Element" library="SeleniumLibrary">
<arg>${AnyELement}</arg>
<doc>Waits until the element ``locator`` appears on the current page.</doc>
<status status="PASS" starttime="20220131 10:55:41.445" endtime="20220131 10:55:41.457"/>
</kw>
<status status="PASS" starttime="20220131 10:55:41.445" endtime="20220131 10:55:41.457"/>
</kw>
<kw name="Click Element" library="SeleniumLibrary">
<arg>${AnyELement}</arg>
<doc>Click the element identified by ``locator``.</doc>
<msg timestamp="20220131 10:55:41.457" level="INFO">Clicking element '//div[@id="selectArea"]'.</msg>
<status status="PASS" starttime="20220131 10:55:41.457" endtime="20220131 10:55:41.514"/>
</kw>
<status status="PASS" starttime="20220131 10:55:41.445" endtime="20220131 10:55:41.514"/>
</kw>
<kw name="Click Element At Coordinates" library="SeleniumLibrary">
<arg>${SelectArea_Main_Facility}</arg>
<arg>60</arg>
<arg>0</arg>
<doc>Click the element ``locator`` at ``xoffset/yoffset``.</doc>
<msg timestamp="20220131 10:55:41.514" level="INFO">Clicking element '//div[@id="selectArea"]' at coordinates x=60, y=0.</msg>
<status status="PASS" starttime="20220131 10:55:41.514" endtime="20220131 10:55:42.086"/>
</kw>
<kw name="Click Any Element" library="P_AdCommon">
<arg>${Houston_SelectArea_Main_Facility}</arg>
<kw name="Wait Until Keyword Succeeds" library="BuiltIn">
<arg>1000s</arg>
<arg>1s</arg>
<arg>wait until page contains element</arg>
<arg>${AnyELement}</arg>
<doc>Runs the specified keyword and retries if it fails.</doc>
<kw name="Wait Until Page Contains Element" library="SeleniumLibrary">
<arg>${AnyELement}</arg>
<doc>Waits until the element ``locator`` appears on the current page.</doc>
<status status="PASS" starttime="20220131 10:55:42.087" endtime="20220131 10:55:42.098"/>
</kw>
<status status="PASS" starttime="20220131 10:55:42.087" endtime="20220131 10:55:42.098"/>
</kw>
<kw name="Click Element" library="SeleniumLibrary">
<arg>${AnyELement}</arg>
<doc>Click the element identified by ``locator``.</doc>
<msg timestamp="20220131 10:55:42.098" level="INFO">Clicking element '//li[.="Houston"]'.</msg>
<status status="PASS" starttime="20220131 10:55:42.098" endtime="20220131 10:55:42.146"/>
</kw>
<status status="PASS" starttime="20220131 10:55:42.086" endtime="20220131 10:55:42.146"/>
</kw>
<kw name="Click Any Element" library="P_AdCommon">
<arg>${SelectSegment_Main_Facility}</arg>
<kw name="Wait Until Keyword Succeeds" library="BuiltIn">
<arg>1000s</arg>
<arg>1s</arg>
<arg>wait until page contains element</arg>
<arg>${AnyELement}</arg>
<doc>Runs the specified keyword and retries if it fails.</doc>
<kw name="Wait Until Page Contains Element" library="SeleniumLibrary">
<arg>${AnyELement}</arg>
<doc>Waits until the element ``locator`` appears on the current page.</doc>
<status status="PASS" starttime="20220131 10:55:42.147" endtime="20220131 10:55:42.158"/>
</kw>
<status status="PASS" starttime="20220131 10:55:42.147" endtime="20220131 10:55:42.158"/>
</kw>
<kw name="Click Element" library="SeleniumLibrary">
<arg>${AnyELement}</arg>
<doc>Click the element identified by ``locator``.</doc>
<msg timestamp="20220131 10:55:42.159" level="INFO">Clicking element '//div[@id="segmentId"]'.</msg>
<status status="PASS" starttime="20220131 10:55:42.159" endtime="20220131 10:55:42.477"/>
</kw>
<status status="PASS" starttime="20220131 10:55:42.146" endtime="20220131 10:55:42.477"/>
</kw>
<kw name="Click Any Element" library="P_AdCommon">
<arg>${HealthCare_SelectSeg_MAin_Facility}</arg>
<kw name="Wait Until Keyword Succeeds" library="BuiltIn">
<arg>1000s</arg>
<arg>1s</arg>
<arg>wait until page contains element</arg>
<arg>${AnyELement}</arg>
<doc>Runs the specified keyword and retries if it fails.</doc>
<kw name="Wait Until Page Contains Element" library="SeleniumLibrary">
<arg>${AnyELement}</arg>
<doc>Waits until the element ``locator`` appears on the current page.</doc>
<status status="PASS" starttime="20220131 10:55:42.478" endtime="20220131 10:55:42.490"/>
</kw>
<status status="PASS" starttime="20220131 10:55:42.478" endtime="20220131 10:55:42.490"/>
</kw>
<kw name="Click Element" library="SeleniumLibrary">
<arg>${AnyELement}</arg>
<doc>Click the element identified by ``locator``.</doc>
<msg timestamp="20220131 10:55:42.491" level="INFO">Clicking element '//li[.="Healthcare"]'.</msg>
<status status="PASS" starttime="20220131 10:55:42.491" endtime="20220131 10:55:42.543"/>
</kw>
<status status="PASS" starttime="20220131 10:55:42.477" endtime="20220131 10:55:42.543"/>
</kw>
<kw name="Click on Specific Button" library="P_AdCommon">
<arg>${Save_Facility}</arg>
<kw name="Wait Until Keyword Succeeds" library="BuiltIn">
<arg>1000s</arg>
<arg>1s</arg>
<arg>wait until element is visible</arg>
<arg>${AnyButton}</arg>
<doc>Runs the specified keyword and retries if it fails.</doc>
<kw name="Wait Until Element Is Visible" library="SeleniumLibrary">
<arg>${AnyButton}</arg>
<doc>Waits until the element ``locator`` is visible.</doc>
<status status="PASS" starttime="20220131 10:55:42.544" endtime="20220131 10:55:42.569"/>
</kw>
<status status="PASS" starttime="20220131 10:55:42.544" endtime="20220131 10:55:42.569"/>
</kw>
<kw name="Click Button" library="SeleniumLibrary">
<arg>${AnyButton}</arg>
<doc>Clicks the button identified by ``locator``.</doc>
<msg timestamp="20220131 10:55:42.569" level="INFO">Clicking button '//div//button[@aria-label="Save"]'.</msg>
<status status="PASS" starttime="20220131 10:55:42.569" endtime="20220131 10:55:42.869"/>
</kw>
<status status="PASS" starttime="20220131 10:55:42.543" endtime="20220131 10:55:42.869"/>
</kw>
<kw name="Wait Until Keyword Succeeds" library="BuiltIn">
<arg>1000s</arg>
<arg>1s</arg>
<arg>wait until page contains element</arg>
<arg>//p[.="${Name_NewFacility}"]</arg>
<doc>Runs the specified keyword and retries if it fails.</doc>
<kw name="Wait Until Page Contains Element" library="SeleniumLibrary">
<arg>//p[.="${Name_NewFacility}"]</arg>
<doc>Waits until the element ``locator`` appears on the current page.</doc>
<kw name="Capture Page Screenshot" library="SeleniumLibrary">
<doc>Takes a screenshot of the current page and embeds it into a log file.</doc>
<msg timestamp="20220131 10:55:48.237" level="INFO" html="true">&lt;/td&gt;&lt;/tr&gt;&lt;tr&gt;&lt;td colspan="3"&gt;&lt;a href="selenium-screenshot-50.png"&gt;&lt;img src="selenium-screenshot-50.png" width="800px"&gt;&lt;/a&gt;</msg>
<status status="PASS" starttime="20220131 10:55:48.031" endtime="20220131 10:55:48.237"/>
</kw>
<msg timestamp="20220131 10:55:48.238" level="FAIL">Element '//p[.="Sameh TrialD3"]' did not appear in 5 seconds.</msg>
<status status="FAIL" starttime="20220131 10:55:42.870" endtime="20220131 10:55:48.239"/>
</kw>
<kw name="Wait Until Page Contains Element" library="SeleniumLibrary">
<arg>//p[.="${Name_NewFacility}"]</arg>
<doc>Waits until the element ``locator`` appears on the current page.</doc>
<kw name="Capture Page Screenshot" library="SeleniumLibrary">
<doc>Takes a screenshot of the current page and embeds it into a log file.</doc>
<msg timestamp="20220131 10:55:54.648" level="INFO" html="true">&lt;/td&gt;&lt;/tr&gt;&lt;tr&gt;&lt;td colspan="3"&gt;&lt;a href="selenium-screenshot-51.png"&gt;&lt;img src="selenium-screenshot-51.png" width="800px"&gt;&lt;/a&gt;</msg>
<status status="PASS" starttime="20220131 10:55:54.439" endtime="20220131 10:55:54.648"/>
</kw>
<msg timestamp="20220131 10:55:54.649" level="FAIL">Element '//p[.="Sameh TrialD3"]' did not appear in 5 seconds.</msg>
<status status="FAIL" starttime="20220131 10:55:49.254" endtime="20220131 10:55:54.649"/>
</kw>
<kw name="Wait Until Page Contains Element" library="SeleniumLibrary">
<arg>//p[.="${Name_NewFacility}"]</arg>
<doc>Waits until the element ``locator`` appears on the current page.</doc>
<status status="PASS" starttime="20220131 10:55:55.658" endtime="20220131 10:56:00.317"/>
</kw>
<status status="PASS" starttime="20220131 10:55:42.869" endtime="20220131 10:56:00.317"/>
</kw>
<status status="PASS" starttime="20220131 10:55:38.758" endtime="20220131 10:56:00.318"/>
</kw>
<kw name="Close Browser" library="SeleniumLibrary">
<doc>Closes the current browser.</doc>
<status status="PASS" starttime="20220131 10:56:00.318" endtime="20220131 10:56:02.439"/>
</kw>
<status status="PASS" starttime="20220131 10:55:32.087" endtime="20220131 10:56:02.440"/>
</test>
<test id="s1-t4" name="Create New Shift Unit TC">
<kw name="Log_In_NurseDash" library="P_AdCommon">
<kw name="Open Browser" library="SeleniumLibrary">
<arg>${SandboxWeb}</arg>
<arg>${Chrome_Browser}</arg>
<doc>Opens a new browser instance to the optional ``url``.</doc>
<msg timestamp="20220131 10:56:02.445" level="INFO">Opening browser 'chrome' to base url 'https://admin-sandbox.nursedash.com/#/login'.</msg>
<status status="PASS" starttime="20220131 10:56:02.444" endtime="20220131 10:56:06.800"/>
</kw>
<kw name="Maximize Browser Window" library="SeleniumLibrary">
<doc>Maximizes current browser window.</doc>
<status status="PASS" starttime="20220131 10:56:06.800" endtime="20220131 10:56:06.935"/>
</kw>
<kw name="Wait Until Keyword Succeeds" library="BuiltIn">
<arg>1000s</arg>
<arg>1s</arg>
<arg>input text</arg>
<arg>${UserName_LogIn}</arg>
<arg>${UserName_Sandbox}</arg>
<doc>Runs the specified keyword and retries if it fails.</doc>
<kw name="Input Text" library="SeleniumLibrary">
<arg>${UserName_LogIn}</arg>
<arg>${UserName_Sandbox}</arg>
<doc>Types the given ``text`` into the text field identified by ``locator``.</doc>
<msg timestamp="20220131 10:56:06.940" level="INFO">Typing text 'Sameh' into text field '//input[@name="username"]'.</msg>
<kw name="Capture Page Screenshot" library="SeleniumLibrary">
<doc>Takes a screenshot of the current page and embeds it into a log file.</doc>
<msg timestamp="20220131 10:56:07.206" level="INFO" html="true">&lt;/td&gt;&lt;/tr&gt;&lt;tr&gt;&lt;td colspan="3"&gt;&lt;a href="selenium-screenshot-52.png"&gt;&lt;img src="selenium-screenshot-52.png" width="800px"&gt;&lt;/a&gt;</msg>
<status status="PASS" starttime="20220131 10:56:06.970" endtime="20220131 10:56:07.206"/>
</kw>
<msg timestamp="20220131 10:56:07.208" level="FAIL">Element with locator '//input[@name="username"]' not found.</msg>
<status status="FAIL" starttime="20220131 10:56:06.937" endtime="20220131 10:56:07.208"/>
</kw>
<kw name="Input Text" library="SeleniumLibrary">
<arg>${UserName_LogIn}</arg>
<arg>${UserName_Sandbox}</arg>
<doc>Types the given ``text`` into the text field identified by ``locator``.</doc>
<msg timestamp="20220131 10:56:08.223" level="INFO">Typing text 'Sameh' into text field '//input[@name="username"]'.</msg>
<kw name="Capture Page Screenshot" library="SeleniumLibrary">
<doc>Takes a screenshot of the current page and embeds it into a log file.</doc>
<msg timestamp="20220131 10:56:08.465" level="INFO" html="true">&lt;/td&gt;&lt;/tr&gt;&lt;tr&gt;&lt;td colspan="3"&gt;&lt;a href="selenium-screenshot-53.png"&gt;&lt;img src="selenium-screenshot-53.png" width="800px"&gt;&lt;/a&gt;</msg>
<status status="PASS" starttime="20220131 10:56:08.246" endtime="20220131 10:56:08.465"/>
</kw>
<msg timestamp="20220131 10:56:08.466" level="FAIL">Element with locator '//input[@name="username"]' not found.</msg>
<status status="FAIL" starttime="20220131 10:56:08.221" endtime="20220131 10:56:08.466"/>
</kw>
<kw name="Input Text" library="SeleniumLibrary">
<arg>${UserName_LogIn}</arg>
<arg>${UserName_Sandbox}</arg>
<doc>Types the given ``text`` into the text field identified by ``locator``.</doc>
<msg timestamp="20220131 10:56:09.471" level="INFO">Typing text 'Sameh' into text field '//input[@name="username"]'.</msg>
<status status="PASS" starttime="20220131 10:56:09.471" endtime="20220131 10:56:09.921"/>
</kw>
<status status="PASS" starttime="20220131 10:56:06.935" endtime="20220131 10:56:09.921"/>
</kw>
<kw name="Input Password" library="SeleniumLibrary">
<arg>${Password_LogIn}</arg>
<arg>${Password_Sandbox}</arg>
<doc>Types the given password into the text field identified by ``locator``.</doc>
<msg timestamp="20220131 10:56:09.922" level="INFO">Typing password into text field '//input[@id="password"]'.</msg>
<msg timestamp="20220131 10:56:09.959" level="INFO">Temporally setting log level to: NONE</msg>
<msg timestamp="20220131 10:56:10.029" level="INFO">Log level changed from NONE to INFO.</msg>
<status status="PASS" starttime="20220131 10:56:09.921" endtime="20220131 10:56:10.030"/>
</kw>
<kw name="Click Element" library="SeleniumLibrary">
<arg>${SignInButton_LogIn}</arg>
<doc>Click the element identified by ``locator``.</doc>
<msg timestamp="20220131 10:56:10.030" level="INFO">Clicking element '//button//span[.="Sign in"]'.</msg>
<status status="PASS" starttime="20220131 10:56:10.030" endtime="20220131 10:56:10.075"/>
</kw>
<status status="PASS" starttime="20220131 10:56:02.444" endtime="20220131 10:56:10.075"/>
</kw>
<kw name="Click on SideBar Icons" library="P_AdCommon">
<arg>${ShiftUnits}</arg>
<kw name="Wait Until Element Is Visible" library="SeleniumLibrary">
<arg>${SideBarIcon}</arg>
<doc>Waits until the element ``locator`` is visible.</doc>
<status status="PASS" starttime="20220131 10:56:10.076" endtime="20220131 10:56:11.214"/>
</kw>
<kw name="Click Link" library="SeleniumLibrary">
<arg>${SideBarIcon}</arg>
<doc>Clicks a link identified by ``locator``.</doc>
<msg timestamp="20220131 10:56:11.215" level="INFO">Clicking link '//div//a[@href="#/ShiftUnit"]'.</msg>
<status status="PASS" starttime="20220131 10:56:11.214" endtime="20220131 10:56:11.312"/>
</kw>
<status status="PASS" starttime="20220131 10:56:10.076" endtime="20220131 10:56:11.313"/>
</kw>
<kw name="Create New Shift Unit" library="P_AdShift Units">
<arg>${Name_NewShiftUnit}</arg>
<arg>${Description_NewShiftUnit}</arg>
<kw name="Click Any Element" library="P_AdCommon">
<arg>${Create_ShiftUnit}</arg>
<kw name="Wait Until Keyword Succeeds" library="BuiltIn">
<arg>1000s</arg>
<arg>1s</arg>
<arg>wait until page contains element</arg>
<arg>${AnyELement}</arg>
<doc>Runs the specified keyword and retries if it fails.</doc>
<kw name="Wait Until Page Contains Element" library="SeleniumLibrary">
<arg>${AnyELement}</arg>
<doc>Waits until the element ``locator`` appears on the current page.</doc>
<status status="PASS" starttime="20220131 10:56:11.314" endtime="20220131 10:56:11.327"/>
</kw>
<status status="PASS" starttime="20220131 10:56:11.314" endtime="20220131 10:56:11.327"/>
</kw>
<kw name="Click Element" library="SeleniumLibrary">
<arg>${AnyELement}</arg>
<doc>Click the element identified by ``locator``.</doc>
<msg timestamp="20220131 10:56:11.327" level="INFO">Clicking element '//div//a[@href="#/ShiftUnit/create"]'.</msg>
<status status="PASS" starttime="20220131 10:56:11.327" endtime="20220131 10:56:11.408"/>
</kw>
<status status="PASS" starttime="20220131 10:56:11.314" endtime="20220131 10:56:11.408"/>
</kw>
<kw name="Wait Until Page Contains Element" library="SeleniumLibrary">
<arg>${Name_Create_ShiftUnit}</arg>
<doc>Waits until the element ``locator`` appears on the current page.</doc>
<status status="PASS" starttime="20220131 10:56:11.408" endtime="20220131 10:56:11.421"/>
</kw>
<kw name="Input Text" library="SeleniumLibrary">
<arg>${Name_Create_ShiftUnit}</arg>
<arg>${Name_NewShiftUnit}</arg>
<doc>Types the given ``text`` into the text field identified by ``locator``.</doc>
<msg timestamp="20220131 10:56:11.422" level="INFO">Typing text 'Shift Unit TrialD3' into text field '//div//input[@id="name"]'.</msg>
<status status="PASS" starttime="20220131 10:56:11.421" endtime="20220131 10:56:11.542"/>
</kw>
<kw name="Input Text" library="SeleniumLibrary">
<arg>${Description_Create_ShiftUnit}</arg>
<arg>${Description_NewShiftUnit}</arg>
<doc>Types the given ``text`` into the text field identified by ``locator``.</doc>
<msg timestamp="20220131 10:56:11.542" level="INFO">Typing text 'Shift Unit For TrialD3' into text field '//div//textarea[@id="description"]'.</msg>
<status status="PASS" starttime="20220131 10:56:11.542" endtime="20220131 10:56:11.667"/>
</kw>
<kw name="Click on Specific Button" library="P_AdCommon">
<arg>${Save_ShiftUnit}</arg>
<kw name="Wait Until Keyword Succeeds" library="BuiltIn">
<arg>1000s</arg>
<arg>1s</arg>
<arg>wait until element is visible</arg>
<arg>${AnyButton}</arg>
<doc>Runs the specified keyword and retries if it fails.</doc>
<kw name="Wait Until Element Is Visible" library="SeleniumLibrary">
<arg>${AnyButton}</arg>
<doc>Waits until the element ``locator`` is visible.</doc>
<status status="PASS" starttime="20220131 10:56:11.669" endtime="20220131 10:56:11.692"/>
</kw>
<status status="PASS" starttime="20220131 10:56:11.668" endtime="20220131 10:56:11.692"/>
</kw>
<kw name="Click Button" library="SeleniumLibrary">
<arg>${AnyButton}</arg>
<doc>Clicks the button identified by ``locator``.</doc>
<msg timestamp="20220131 10:56:11.693" level="INFO">Clicking button '//div//button[@aria-label="Save"]'.</msg>
<status status="PASS" starttime="20220131 10:56:11.693" endtime="20220131 10:56:11.749"/>
</kw>
<status status="PASS" starttime="20220131 10:56:11.668" endtime="20220131 10:56:11.749"/>
</kw>
<kw name="Wait Until Page Contains Element" library="SeleniumLibrary">
<arg>//td//span[.="${Name_NewShiftUnit}"]</arg>
<doc>Waits until the element ``locator`` appears on the current page.</doc>
<status status="PASS" starttime="20220131 10:56:11.749" endtime="20220131 10:56:12.055"/>
</kw>
<status status="PASS" starttime="20220131 10:56:11.313" endtime="20220131 10:56:12.056"/>
</kw>
<status status="PASS" starttime="20220131 10:56:02.443" endtime="20220131 10:56:12.056"/>
</test>
<test id="s1-t5" name="Verify that able to Create New Shift Type">
<kw name="Click on SideBar Icons" library="P_AdCommon">
<arg>${ShiftTypes}</arg>
<kw name="Wait Until Element Is Visible" library="SeleniumLibrary">
<arg>${SideBarIcon}</arg>
<doc>Waits until the element ``locator`` is visible.</doc>
<status status="PASS" starttime="20220131 10:56:12.059" endtime="20220131 10:56:12.076"/>
</kw>
<kw name="Click Link" library="SeleniumLibrary">
<arg>${SideBarIcon}</arg>
<doc>Clicks a link identified by ``locator``.</doc>
<msg timestamp="20220131 10:56:12.077" level="INFO">Clicking link '//div//a[@href="#/FacilityType"]'.</msg>
<status status="PASS" starttime="20220131 10:56:12.076" endtime="20220131 10:56:12.152"/>
</kw>
<status status="PASS" starttime="20220131 10:56:12.058" endtime="20220131 10:56:12.152"/>
</kw>
<kw name="Create New Shift Type" library="P_AdShift Types">
<arg>${Name_NewShiftType}</arg>
<arg>${Description_NewShiftType}</arg>
<kw name="Page Should Contain Element" library="SeleniumLibrary">
<arg>${CreateNewShiftType}</arg>
<doc>Verifies that element ``locator`` is found on the current page.</doc>
<msg timestamp="20220131 10:56:12.167" level="INFO">Current page contains element '//a[@href="#/FacilityType/create"]'.</msg>
<status status="PASS" starttime="20220131 10:56:12.154" endtime="20220131 10:56:12.167"/>
</kw>
<kw name="Click Any Element" library="P_AdCommon">
<arg>${CreateNewShiftType}</arg>
<kw name="Wait Until Keyword Succeeds" library="BuiltIn">
<arg>1000s</arg>
<arg>1s</arg>
<arg>wait until page contains element</arg>
<arg>${AnyELement}</arg>
<doc>Runs the specified keyword and retries if it fails.</doc>
<kw name="Wait Until Page Contains Element" library="SeleniumLibrary">
<arg>${AnyELement}</arg>
<doc>Waits until the element ``locator`` appears on the current page.</doc>
<status status="PASS" starttime="20220131 10:56:12.168" endtime="20220131 10:56:12.174"/>
</kw>
<status status="PASS" starttime="20220131 10:56:12.167" endtime="20220131 10:56:12.175"/>
</kw>
<kw name="Click Element" library="SeleniumLibrary">
<arg>${AnyELement}</arg>
<doc>Click the element identified by ``locator``.</doc>
<msg timestamp="20220131 10:56:12.175" level="INFO">Clicking element '//a[@href="#/FacilityType/create"]'.</msg>
<status status="PASS" starttime="20220131 10:56:12.175" endtime="20220131 10:56:12.243"/>
</kw>
<status status="PASS" starttime="20220131 10:56:12.167" endtime="20220131 10:56:12.243"/>
</kw>
<kw name="Wait Until Page Contains Element" library="SeleniumLibrary">
<arg>${Name_ShiftType}</arg>
<doc>Waits until the element ``locator`` appears on the current page.</doc>
<status status="PASS" starttime="20220131 10:56:12.243" endtime="20220131 10:56:12.250"/>
</kw>
<kw name="Input Text" library="SeleniumLibrary">
<arg>${Name_ShiftType}</arg>
<arg>${Name_NewShiftType}</arg>
<doc>Types the given ``text`` into the text field identified by ``locator``.</doc>
<msg timestamp="20220131 10:56:12.250" level="INFO">Typing text 'Shift Type TrialD3' into text field '//div//input[@id="name"]'.</msg>
<status status="PASS" starttime="20220131 10:56:12.250" endtime="20220131 10:56:12.364"/>
</kw>
<kw name="Input Text" library="SeleniumLibrary">
<arg>${Description_ShiftType}</arg>
<arg>${Description_NewShiftType}</arg>
<doc>Types the given ``text`` into the text field identified by ``locator``.</doc>
<msg timestamp="20220131 10:56:12.364" level="INFO">Typing text 'Shift type for TrialD3' into text field '//div//textarea[@id="description"]'.</msg>
<status status="PASS" starttime="20220131 10:56:12.364" endtime="20220131 10:56:12.473"/>
</kw>
<kw name="Click Button" library="SeleniumLibrary">
<arg>${Save_ShiftType}</arg>
<doc>Clicks the button identified by ``locator``.</doc>
<msg timestamp="20220131 10:56:12.473" level="INFO">Clicking button '//div//button[@aria-label="Save"]'.</msg>
<status status="PASS" starttime="20220131 10:56:12.473" endtime="20220131 10:56:12.532"/>
</kw>
<status status="PASS" starttime="20220131 10:56:12.153" endtime="20220131 10:56:12.532"/>
</kw>
<kw name="Check that New Shift Type Created" library="P_AdShift Types">
<arg>${ShiftType_Checeked}</arg>
<kw name="Wait Until Keyword Succeeds" library="BuiltIn">
<arg>1000s</arg>
<arg>1s</arg>
<arg>wait until page contains element</arg>
<arg>${ShiftType_Checeked}</arg>
<doc>Runs the specified keyword and retries if it fails.</doc>
<kw name="Wait Until Page Contains Element" library="SeleniumLibrary">
<arg>${ShiftType_Checeked}</arg>
<doc>Waits until the element ``locator`` appears on the current page.</doc>
<status status="PASS" starttime="20220131 10:56:12.533" endtime="20220131 10:56:12.774"/>
</kw>
<status status="PASS" starttime="20220131 10:56:12.533" endtime="20220131 10:56:12.774"/>
</kw>
<kw name="Page Should Contain Element" library="SeleniumLibrary">
<arg>${ShiftType_Checeked}</arg>
<doc>Verifies that element ``locator`` is found on the current page.</doc>
<msg timestamp="20220131 10:56:12.781" level="INFO">Current page contains element '//td//span[.="Shift Type TrialD3"]'.</msg>
<status status="PASS" starttime="20220131 10:56:12.775" endtime="20220131 10:56:12.781"/>
</kw>
<status status="PASS" starttime="20220131 10:56:12.532" endtime="20220131 10:56:12.781"/>
</kw>
<kw name="Close Browser" library="SeleniumLibrary">
<doc>Closes the current browser.</doc>
<status status="PASS" starttime="20220131 10:56:12.782" endtime="20220131 10:56:14.906"/>
</kw>
<status status="PASS" starttime="20220131 10:56:12.058" endtime="20220131 10:56:14.909"/>
</test>
<test id="s1-t6" name="Verift ability to Edit in Facility Rate Section">
<kw name="Log_In_NurseDash" library="P_AdCommon">
<kw name="Open Browser" library="SeleniumLibrary">
<arg>${SandboxWeb}</arg>
<arg>${Chrome_Browser}</arg>
<doc>Opens a new browser instance to the optional ``url``.</doc>
<msg timestamp="20220131 10:56:14.913" level="INFO">Opening browser 'chrome' to base url 'https://admin-sandbox.nursedash.com/#/login'.</msg>
<status status="PASS" starttime="20220131 10:56:14.912" endtime="20220131 10:56:17.673"/>
</kw>
<kw name="Maximize Browser Window" library="SeleniumLibrary">
<doc>Maximizes current browser window.</doc>
<status status="PASS" starttime="20220131 10:56:17.673" endtime="20220131 10:56:17.790"/>
</kw>
<kw name="Wait Until Keyword Succeeds" library="BuiltIn">
<arg>1000s</arg>
<arg>1s</arg>
<arg>input text</arg>
<arg>${UserName_LogIn}</arg>
<arg>${UserName_Sandbox}</arg>
<doc>Runs the specified keyword and retries if it fails.</doc>
<kw name="Input Text" library="SeleniumLibrary">
<arg>${UserName_LogIn}</arg>
<arg>${UserName_Sandbox}</arg>
<doc>Types the given ``text`` into the text field identified by ``locator``.</doc>
<msg timestamp="20220131 10:56:17.792" level="INFO">Typing text 'Sameh' into text field '//input[@name="username"]'.</msg>
<kw name="Capture Page Screenshot" library="SeleniumLibrary">
<doc>Takes a screenshot of the current page and embeds it into a log file.</doc>
<msg timestamp="20220131 10:56:18.031" level="INFO" html="true">&lt;/td&gt;&lt;/tr&gt;&lt;tr&gt;&lt;td colspan="3"&gt;&lt;a href="selenium-screenshot-54.png"&gt;&lt;img src="selenium-screenshot-54.png" width="800px"&gt;&lt;/a&gt;</msg>
<status status="PASS" starttime="20220131 10:56:17.813" endtime="20220131 10:56:18.031"/>
</kw>
<msg timestamp="20220131 10:56:18.032" level="FAIL">Element with locator '//input[@name="username"]' not found.</msg>
<status status="FAIL" starttime="20220131 10:56:17.791" endtime="20220131 10:56:18.032"/>
</kw>
<kw name="Input Text" library="SeleniumLibrary">
<arg>${UserName_LogIn}</arg>
<arg>${UserName_Sandbox}</arg>
<doc>Types the given ``text`` into the text field identified by ``locator``.</doc>
<msg timestamp="20220131 10:56:19.043" level="INFO">Typing text 'Sameh' into text field '//input[@name="username"]'.</msg>
<kw name="Capture Page Screenshot" library="SeleniumLibrary">
<doc>Takes a screenshot of the current page and embeds it into a log file.</doc>
<msg timestamp="20220131 10:56:19.265" level="INFO" html="true">&lt;/td&gt;&lt;/tr&gt;&lt;tr&gt;&lt;td colspan="3"&gt;&lt;a href="selenium-screenshot-55.png"&gt;&lt;img src="selenium-screenshot-55.png" width="800px"&gt;&lt;/a&gt;</msg>
<status status="PASS" starttime="20220131 10:56:19.051" endtime="20220131 10:56:19.265"/>
</kw>
<msg timestamp="20220131 10:56:19.266" level="FAIL">Element with locator '//input[@name="username"]' not found.</msg>
<status status="FAIL" starttime="20220131 10:56:19.043" endtime="20220131 10:56:19.266"/>
</kw>
<kw name="Input Text" library="SeleniumLibrary">
<arg>${UserName_LogIn}</arg>
<arg>${UserName_Sandbox}</arg>
<doc>Types the given ``text`` into the text field identified by ``locator``.</doc>
<msg timestamp="20220131 10:56:20.272" level="INFO">Typing text 'Sameh' into text field '//input[@name="username"]'.</msg>
<status status="PASS" starttime="20220131 10:56:20.271" endtime="20220131 10:56:20.995"/>
</kw>
<status status="PASS" starttime="20220131 10:56:17.791" endtime="20220131 10:56:20.995"/>
</kw>
<kw name="Input Password" library="SeleniumLibrary">
<arg>${Password_LogIn}</arg>
<arg>${Password_Sandbox}</arg>
<doc>Types the given password into the text field identified by ``locator``.</doc>
<msg timestamp="20220131 10:56:20.995" level="INFO">Typing password into text field '//input[@id="password"]'.</msg>
<msg timestamp="20220131 10:56:21.030" level="INFO">Temporally setting log level to: NONE</msg>
<msg timestamp="20220131 10:56:21.094" level="INFO">Log level changed from NONE to INFO.</msg>
<status status="PASS" starttime="20220131 10:56:20.995" endtime="20220131 10:56:21.094"/>
</kw>
<kw name="Click Element" library="SeleniumLibrary">
<arg>${SignInButton_LogIn}</arg>
<doc>Click the element identified by ``locator``.</doc>
<msg timestamp="20220131 10:56:21.094" level="INFO">Clicking element '//button//span[.="Sign in"]'.</msg>
<status status="PASS" starttime="20220131 10:56:21.094" endtime="20220131 10:56:21.141"/>
</kw>
<status status="PASS" starttime="20220131 10:56:14.912" endtime="20220131 10:56:21.141"/>
</kw>
<kw name="Edit Rates Of Facility" library="P_AdFacilities">
<arg>${Facility_Edit}</arg>
<arg>${ShiftUnit1_Targeted}</arg>
<arg>${ShiftType1_Targeted}</arg>
<kw name="Click on SideBar Icons" library="P_AdCommon">
<arg>${Facilities}</arg>
<kw name="Wait Until Element Is Visible" library="SeleniumLibrary">
<arg>${SideBarIcon}</arg>
<doc>Waits until the element ``locator`` is visible.</doc>
<status status="PASS" starttime="20220131 10:56:21.143" endtime="20220131 10:56:22.059"/>
</kw>
<kw name="Click Link" library="SeleniumLibrary">
<arg>${SideBarIcon}</arg>
<doc>Clicks a link identified by ``locator``.</doc>
<msg timestamp="20220131 10:56:22.060" level="INFO">Clicking link '//div//a[@href="#/Facility"]'.</msg>
<status status="PASS" starttime="20220131 10:56:22.060" endtime="20220131 10:56:22.163"/>
</kw>
<status status="PASS" starttime="20220131 10:56:21.142" endtime="20220131 10:56:22.163"/>
</kw>
<kw name="Click Any Element" library="P_AdCommon">
<arg>${Facility_Edit}</arg>
<kw name="Wait Until Keyword Succeeds" library="BuiltIn">
<arg>1000s</arg>
<arg>1s</arg>
<arg>wait until page contains element</arg>
<arg>${AnyELement}</arg>
<doc>Runs the specified keyword and retries if it fails.</doc>
<kw name="Wait Until Page Contains Element" library="SeleniumLibrary">
<arg>${AnyELement}</arg>
<doc>Waits until the element ``locator`` appears on the current page.</doc>
<status status="PASS" starttime="20220131 10:56:22.164" endtime="20220131 10:56:22.795"/>
</kw>
<status status="PASS" starttime="20220131 10:56:22.164" endtime="20220131 10:56:22.795"/>
</kw>
<kw name="Click Element" library="SeleniumLibrary">
<arg>${AnyELement}</arg>
<doc>Click the element identified by ``locator``.</doc>
<msg timestamp="20220131 10:56:22.796" level="INFO">Clicking element '//a[@href="#/Facility/707"]'.</msg>
<status status="PASS" starttime="20220131 10:56:22.795" endtime="20220131 10:56:23.020"/>
</kw>
<status status="PASS" starttime="20220131 10:56:22.163" endtime="20220131 10:56:23.020"/>
</kw>
<kw name="Click Any Element" library="P_AdCommon">
<arg>${Rates_Facility}</arg>
<kw name="Wait Until Keyword Succeeds" library="BuiltIn">
<arg>1000s</arg>
<arg>1s</arg>
<arg>wait until page contains element</arg>
<arg>${AnyELement}</arg>
<doc>Runs the specified keyword and retries if it fails.</doc>
<kw name="Wait Until Page Contains Element" library="SeleniumLibrary">
<arg>${AnyELement}</arg>
<doc>Waits until the element ``locator`` appears on the current page.</doc>
<status status="PASS" starttime="20220131 10:56:23.021" endtime="20220131 10:56:23.036"/>
</kw>
<status status="PASS" starttime="20220131 10:56:23.021" endtime="20220131 10:56:23.036"/>
</kw>
<kw name="Click Element" library="SeleniumLibrary">
<arg>${AnyELement}</arg>
<doc>Click the element identified by ``locator``.</doc>
<msg timestamp="20220131 10:56:23.037" level="INFO">Clicking element '//div//a[@href="#/Facility/707/1"]'.</msg>
<kw name="Capture Page Screenshot" library="SeleniumLibrary">
<doc>Takes a screenshot of the current page and embeds it into a log file.</doc>
<msg timestamp="20220131 10:56:24.218" level="INFO" html="true">&lt;/td&gt;&lt;/tr&gt;&lt;tr&gt;&lt;td colspan="3"&gt;&lt;a href="selenium-screenshot-56.png"&gt;&lt;img src="selenium-screenshot-56.png" width="800px"&gt;&lt;/a&gt;</msg>
<status status="PASS" starttime="20220131 10:56:24.089" endtime="20220131 10:56:24.218"/>
</kw>
<msg timestamp="20220131 10:56:24.225" level="FAIL">ElementClickInterceptedException: Message: element click intercepted: Element &lt;a class="MuiButtonBase-root MuiTab-root MuiTab-textColorInherit form-tab" tabindex="0" role="tab" aria-disabled="false" aria-selected="false" href="#/Facility/707/1"&gt;...&lt;/a&gt; is not clickable at point (485, 18). Other element would receive the click: &lt;h6 class="MuiTypography-root jss196 MuiTypography-h6 MuiTypography-colorInherit" id="react-admin-title"&gt;...&lt;/h6&gt;
  (Session info: chrome=97.0.4692.99)
</msg>
<status status="FAIL" starttime="20220131 10:56:23.036" endtime="20220131 10:56:24.225"/>
</kw>
<status status="FAIL" starttime="20220131 10:56:23.020" endtime="20220131 10:56:24.226"/>
</kw>
<kw name="Click Button" library="SeleniumLibrary">
<arg>${Add_Rates_Facility}</arg>
<doc>Clicks the button identified by ``locator``.</doc>
<status status="NOT RUN" starttime="20220131 10:56:24.226" endtime="20220131 10:56:24.226"/>
</kw>
<kw name="Choose from List" library="P_AdCommon">
<arg>${ShiftUnit1_Rates_Facility}</arg>
<arg>${ShiftUnit1_Targeted}</arg>
<status status="NOT RUN" starttime="20220131 10:56:24.227" endtime="20220131 10:56:24.227"/>
</kw>
<kw name="Sleep" library="BuiltIn">
<arg>1s</arg>
<doc>Pauses the test executed for the given time.</doc>
<status status="NOT RUN" starttime="20220131 10:56:24.227" endtime="20220131 10:56:24.227"/>
</kw>
<kw name="Choose from List" library="P_AdCommon">
<arg>${ShiftType1_Rates_Facility}</arg>
<arg>${ShiftType1_Targeted}</arg>
<status status="NOT RUN" starttime="20220131 10:56:24.227" endtime="20220131 10:56:24.227"/>
</kw>
<kw name="Click Button" library="SeleniumLibrary">
<arg>${Save_Facility}</arg>
<doc>Clicks the button identified by ``locator``.</doc>
<status status="NOT RUN" starttime="20220131 10:56:24.227" endtime="20220131 10:56:24.227"/>
</kw>
<status status="FAIL" starttime="20220131 10:56:21.142" endtime="20220131 10:56:24.228"/>
</kw>
<kw name="Close Browser" library="SeleniumLibrary">
<doc>Closes the current browser.</doc>
<status status="NOT RUN" starttime="20220131 10:56:24.228" endtime="20220131 10:56:24.229"/>
</kw>
<status status="FAIL" starttime="20220131 10:56:14.911" endtime="20220131 10:56:24.229">ElementClickInterceptedException: Message: element click intercepted: Element &lt;a class="MuiButtonBase-root MuiTab-root MuiTab-textColorInherit form-tab" tabindex="0" role="tab" aria-disabled="false" aria-selected="false" href="#/Facility/707/1"&gt;...&lt;/a&gt; is not clickable at point (485, 18). Other element would receive the click: &lt;h6 class="MuiTypography-root jss196 MuiTypography-h6 MuiTypography-colorInherit" id="react-admin-title"&gt;...&lt;/h6&gt;
  (Session info: chrome=97.0.4692.99)
</status>
</test>
<test id="s1-t7" name="Create New Nurse TC">
<kw name="Log_In_NurseDash" library="P_AdCommon">
<kw name="Open Browser" library="SeleniumLibrary">
<arg>${SandboxWeb}</arg>
<arg>${Chrome_Browser}</arg>
<doc>Opens a new browser instance to the optional ``url``.</doc>
<msg timestamp="20220131 10:56:24.233" level="INFO">Opening browser 'chrome' to base url 'https://admin-sandbox.nursedash.com/#/login'.</msg>
<status status="PASS" starttime="20220131 10:56:24.232" endtime="20220131 10:56:26.846"/>
</kw>
<kw name="Maximize Browser Window" library="SeleniumLibrary">
<doc>Maximizes current browser window.</doc>
<status status="PASS" starttime="20220131 10:56:26.847" endtime="20220131 10:56:26.974"/>
</kw>
<kw name="Wait Until Keyword Succeeds" library="BuiltIn">
<arg>1000s</arg>
<arg>1s</arg>
<arg>input text</arg>
<arg>${UserName_LogIn}</arg>
<arg>${UserName_Sandbox}</arg>
<doc>Runs the specified keyword and retries if it fails.</doc>
<kw name="Input Text" library="SeleniumLibrary">
<arg>${UserName_LogIn}</arg>
<arg>${UserName_Sandbox}</arg>
<doc>Types the given ``text`` into the text field identified by ``locator``.</doc>
<msg timestamp="20220131 10:56:26.977" level="INFO">Typing text 'Sameh' into text field '//input[@name="username"]'.</msg>
<kw name="Capture Page Screenshot" library="SeleniumLibrary">
<doc>Takes a screenshot of the current page and embeds it into a log file.</doc>
<msg timestamp="20220131 10:56:27.439" level="INFO" html="true">&lt;/td&gt;&lt;/tr&gt;&lt;tr&gt;&lt;td colspan="3"&gt;&lt;a href="selenium-screenshot-57.png"&gt;&lt;img src="selenium-screenshot-57.png" width="800px"&gt;&lt;/a&gt;</msg>
<status status="PASS" starttime="20220131 10:56:26.993" endtime="20220131 10:56:27.439"/>
</kw>
<msg timestamp="20220131 10:56:27.440" level="FAIL">Element with locator '//input[@name="username"]' not found.</msg>
<status status="FAIL" starttime="20220131 10:56:26.977" endtime="20220131 10:56:27.440"/>
</kw>
<kw name="Input Text" library="SeleniumLibrary">
<arg>${UserName_LogIn}</arg>
<arg>${UserName_Sandbox}</arg>
<doc>Types the given ``text`` into the text field identified by ``locator``.</doc>
<msg timestamp="20220131 10:56:28.451" level="INFO">Typing text 'Sameh' into text field '//input[@name="username"]'.</msg>
<kw name="Capture Page Screenshot" library="SeleniumLibrary">
<doc>Takes a screenshot of the current page and embeds it into a log file.</doc>
<msg timestamp="20220131 10:56:28.626" level="INFO" html="true">&lt;/td&gt;&lt;/tr&gt;&lt;tr&gt;&lt;td colspan="3"&gt;&lt;a href="selenium-screenshot-58.png"&gt;&lt;img src="selenium-screenshot-58.png" width="800px"&gt;&lt;/a&gt;</msg>
<status status="PASS" starttime="20220131 10:56:28.460" endtime="20220131 10:56:28.626"/>
</kw>
<msg timestamp="20220131 10:56:28.626" level="FAIL">Element with locator '//input[@name="username"]' not found.</msg>
<status status="FAIL" starttime="20220131 10:56:28.451" endtime="20220131 10:56:28.626"/>
</kw>
<kw name="Input Text" library="SeleniumLibrary">
<arg>${UserName_LogIn}</arg>
<arg>${UserName_Sandbox}</arg>
<doc>Types the given ``text`` into the text field identified by ``locator``.</doc>
<msg timestamp="20220131 10:56:29.632" level="INFO">Typing text 'Sameh' into text field '//input[@name="username"]'.</msg>
<status status="PASS" starttime="20220131 10:56:29.631" endtime="20220131 10:56:29.710"/>
</kw>
<status status="PASS" starttime="20220131 10:56:26.975" endtime="20220131 10:56:29.710"/>
</kw>
<kw name="Input Password" library="SeleniumLibrary">
<arg>${Password_LogIn}</arg>
<arg>${Password_Sandbox}</arg>
<doc>Types the given password into the text field identified by ``locator``.</doc>
<msg timestamp="20220131 10:56:29.711" level="INFO">Typing password into text field '//input[@id="password"]'.</msg>
<msg timestamp="20220131 10:56:29.755" level="INFO">Temporally setting log level to: NONE</msg>
<msg timestamp="20220131 10:56:29.825" level="INFO">Log level changed from NONE to INFO.</msg>
<status status="PASS" starttime="20220131 10:56:29.711" endtime="20220131 10:56:29.825"/>
</kw>
<kw name="Click Element" library="SeleniumLibrary">
<arg>${SignInButton_LogIn}</arg>
<doc>Click the element identified by ``locator``.</doc>
<msg timestamp="20220131 10:56:29.826" level="INFO">Clicking element '//button//span[.="Sign in"]'.</msg>
<status status="PASS" starttime="20220131 10:56:29.825" endtime="20220131 10:56:29.875"/>
</kw>
<status status="PASS" starttime="20220131 10:56:24.232" endtime="20220131 10:56:29.875"/>
</kw>
<kw name="Click on SideBar Icons" library="P_AdCommon">
<arg>${Nurses}</arg>
<kw name="Wait Until Element Is Visible" library="SeleniumLibrary">
<arg>${SideBarIcon}</arg>
<doc>Waits until the element ``locator`` is visible.</doc>
<status status="PASS" starttime="20220131 10:56:29.876" endtime="20220131 10:56:30.770"/>
</kw>
<kw name="Click Link" library="SeleniumLibrary">
<arg>${SideBarIcon}</arg>
<doc>Clicks a link identified by ``locator``.</doc>
<msg timestamp="20220131 10:56:30.771" level="INFO">Clicking link '//div//a[@href="#/Nurse"]'.</msg>
<status status="PASS" starttime="20220131 10:56:30.771" endtime="20220131 10:56:30.888"/>
</kw>
<status status="PASS" starttime="20220131 10:56:29.875" endtime="20220131 10:56:30.888"/>
</kw>
<kw name="Create New Nurse KW" library="P_AdNurses">
<arg>${Pnone_NewNurse}</arg>
<arg>${Name_NewNurse}</arg>
<arg>${Email_NewNurse}</arg>
<arg>${Area_NewNurse}</arg>
<arg>${PositionType_NewNurse}</arg>
<arg>${Rating_NewNurse}</arg>
<arg>${Adress1_NewNurse}</arg>
<arg>${Adress2_NewNurse}</arg>
<arg>${AddAddress_NewNurse}</arg>
<kw name="Click Any Element" library="P_AdCommon">
<arg>${Create_Nurse}</arg>
<kw name="Wait Until Keyword Succeeds" library="BuiltIn">
<arg>1000s</arg>
<arg>1s</arg>
<arg>wait until page contains element</arg>
<arg>${AnyELement}</arg>
<doc>Runs the specified keyword and retries if it fails.</doc>
<kw name="Wait Until Page Contains Element" library="SeleniumLibrary">
<arg>${AnyELement}</arg>
<doc>Waits until the element ``locator`` appears on the current page.</doc>
<status status="PASS" starttime="20220131 10:56:30.892" endtime="20220131 10:56:30.901"/>
</kw>
<status status="PASS" starttime="20220131 10:56:30.891" endtime="20220131 10:56:30.901"/>
</kw>
<kw name="Click Element" library="SeleniumLibrary">
<arg>${AnyELement}</arg>
<doc>Click the element identified by ``locator``.</doc>
<msg timestamp="20220131 10:56:30.902" level="INFO">Clicking element '//a[@href="#/Nurse/create"]'.</msg>
<status status="PASS" starttime="20220131 10:56:30.902" endtime="20220131 10:56:31.004"/>
</kw>
<status status="PASS" starttime="20220131 10:56:30.891" endtime="20220131 10:56:31.004"/>
</kw>
<kw name="Wait Until Page Contains Element" library="SeleniumLibrary">
<arg>${Name_Create_Nurse}</arg>
<doc>Waits until the element ``locator`` appears on the current page.</doc>
<status status="PASS" starttime="20220131 10:56:31.004" endtime="20220131 10:56:31.014"/>
</kw>
<kw name="Input Text" library="SeleniumLibrary">
<arg>${Phone_Create_Nurse}</arg>
<arg>${Pnone_NewNurse}</arg>
<doc>Types the given ``text`` into the text field identified by ``locator``.</doc>
<msg timestamp="20220131 10:56:31.015" level="INFO">Typing text '83223499111' into text field '//div//input[@id="phone"]'.</msg>
<status status="PASS" starttime="20220131 10:56:31.014" endtime="20220131 10:56:31.143"/>
</kw>
<kw name="Input Text" library="SeleniumLibrary">
<arg>${Name_Create_Nurse}</arg>
<arg>${Name_NewNurse}</arg>
<doc>Types the given ``text`` into the text field identified by ``locator``.</doc>
<msg timestamp="20220131 10:56:31.144" level="INFO">Typing text 'Sameh TrialD3' into text field '//div//input[@id="name"]'.</msg>
<status status="PASS" starttime="20220131 10:56:31.144" endtime="20220131 10:56:31.305"/>
</kw>
<kw name="Input Text" library="SeleniumLibrary">
<arg>${Email_Create_Nurse}</arg>
<arg>${Email_NewNurse}</arg>
<doc>Types the given ``text`` into the text field identified by ``locator``.</doc>
<msg timestamp="20220131 10:56:31.306" level="INFO">Typing text 'SamehD1@gmail.com' into text field '//div//input[@id="email"]'.</msg>
<status status="PASS" starttime="20220131 10:56:31.305" endtime="20220131 10:56:31.460"/>
</kw>
<kw name="Choose from List" library="P_AdCommon">
<arg>${AreaList_Create_Nurse}</arg>
<arg>${Area_NewNurse}</arg>
<kw name="Wait Until Keyword Succeeds" library="BuiltIn">
<arg>1000s</arg>
<arg>1s</arg>
<arg>wait until page contains element</arg>
<arg>${TargetedList}</arg>
<doc>Runs the specified keyword and retries if it fails.</doc>
<kw name="Wait Until Page Contains Element" library="SeleniumLibrary">
<arg>${TargetedList}</arg>
<doc>Waits until the element ``locator`` appears on the current page.</doc>
<status status="PASS" starttime="20220131 10:56:31.462" endtime="20220131 10:56:31.474"/>
</kw>
<status status="PASS" starttime="20220131 10:56:31.461" endtime="20220131 10:56:31.474"/>
</kw>
<kw name="Click Element" library="SeleniumLibrary">
<arg>${TargetedList}</arg>
<doc>Click the element identified by ``locator``.</doc>
<msg timestamp="20220131 10:56:31.474" level="INFO">Clicking element '//div[@id="identity.area"]'.</msg>
<status status="PASS" starttime="20220131 10:56:31.474" endtime="20220131 10:56:31.536"/>
</kw>
<kw name="Wait Until Keyword Succeeds" library="BuiltIn">
<arg>1000s</arg>
<arg>1s</arg>
<arg>wait until page contains element</arg>
<arg>${TargetedOption}</arg>
<doc>Runs the specified keyword and retries if it fails.</doc>
<kw name="Wait Until Page Contains Element" library="SeleniumLibrary">
<arg>${TargetedOption}</arg>
<doc>Waits until the element ``locator`` appears on the current page.</doc>
<kw name="Capture Page Screenshot" library="SeleniumLibrary">
<doc>Takes a screenshot of the current page and embeds it into a log file.</doc>
<msg timestamp="20220131 10:56:36.815" level="INFO" html="true">&lt;/td&gt;&lt;/tr&gt;&lt;tr&gt;&lt;td colspan="3"&gt;&lt;a href="selenium-screenshot-59.png"&gt;&lt;img src="selenium-screenshot-59.png" width="800px"&gt;&lt;/a&gt;</msg>
<status status="PASS" starttime="20220131 10:56:36.572" endtime="20220131 10:56:36.815"/>
</kw>
<msg timestamp="20220131 10:56:36.815" level="FAIL">Element '//li[.="Cairo TestTrialD3"]' did not appear in 5 seconds.</msg>
<status status="FAIL" starttime="20220131 10:56:31.537" endtime="20220131 10:56:36.815"/>
</kw>
<kw name="Wait Until Page Contains Element" library="SeleniumLibrary">
<arg>${TargetedOption}</arg>
<doc>Waits until the element ``locator`` appears on the current page.</doc>
<kw name="Capture Page Screenshot" library="SeleniumLibrary">
<doc>Takes a screenshot of the current page and embeds it into a log file.</doc>
<msg timestamp="20220131 10:56:43.040" level="INFO" html="true">&lt;/td&gt;&lt;/tr&gt;&lt;tr&gt;&lt;td colspan="3"&gt;&lt;a href="selenium-screenshot-60.png"&gt;&lt;img src="selenium-screenshot-60.png" width="800px"&gt;&lt;/a&gt;</msg>
<status status="PASS" starttime="20220131 10:56:42.854" endtime="20220131 10:56:43.041"/>
</kw>
<msg timestamp="20220131 10:56:43.041" level="FAIL">Element '//li[.="Cairo TestTrialD3"]' did not appear in 5 seconds.</msg>
<status status="FAIL" starttime="20220131 10:56:37.831" endtime="20220131 10:56:43.041"/>
</kw>
<kw name="Wait Until Page Contains Element" library="SeleniumLibrary">
<arg>${TargetedOption}</arg>
<doc>Waits until the element ``locator`` appears on the current page.</doc>
<kw name="Capture Page Screenshot" library="SeleniumLibrary">
<doc>Takes a screenshot of the current page and embeds it into a log file.</doc>
<msg timestamp="20220131 10:56:49.360" level="INFO" html="true">&lt;/td&gt;&lt;/tr&gt;&lt;tr&gt;&lt;td colspan="3"&gt;&lt;a href="selenium-screenshot-61.png"&gt;&lt;img src="selenium-screenshot-61.png" width="800px"&gt;&lt;/a&gt;</msg>
<status status="PASS" starttime="20220131 10:56:49.186" endtime="20220131 10:56:49.360"/>
</kw>
<msg timestamp="20220131 10:56:49.361" level="FAIL">Element '//li[.="Cairo TestTrialD3"]' did not appear in 5 seconds.</msg>
<status status="FAIL" starttime="20220131 10:56:44.055" endtime="20220131 10:56:49.361"/>
</kw>
<kw name="Wait Until Page Contains Element" library="SeleniumLibrary">
<arg>${TargetedOption}</arg>
<doc>Waits until the element ``locator`` appears on the current page.</doc>
<kw name="Capture Page Screenshot" library="SeleniumLibrary">
<doc>Takes a screenshot of the current page and embeds it into a log file.</doc>
<msg timestamp="20220131 10:56:55.683" level="INFO" html="true">&lt;/td&gt;&lt;/tr&gt;&lt;tr&gt;&lt;td colspan="3"&gt;&lt;a href="selenium-screenshot-62.png"&gt;&lt;img src="selenium-screenshot-62.png" width="800px"&gt;&lt;/a&gt;</msg>
<status status="PASS" starttime="20220131 10:56:55.506" endtime="20220131 10:56:55.683"/>
</kw>
<msg timestamp="20220131 10:56:55.684" level="FAIL">Element '//li[.="Cairo TestTrialD3"]' did not appear in 5 seconds.</msg>
<status status="FAIL" starttime="20220131 10:56:50.376" endtime="20220131 10:56:55.684"/>
</kw>
<kw name="Wait Until Page Contains Element" library="SeleniumLibrary">
<arg>${TargetedOption}</arg>
<doc>Waits until the element ``locator`` appears on the current page.</doc>
<kw name="Capture Page Screenshot" library="SeleniumLibrary">
<doc>Takes a screenshot of the current page and embeds it into a log file.</doc>
<msg timestamp="20220131 10:57:01.997" level="INFO" html="true">&lt;/td&gt;&lt;/tr&gt;&lt;tr&gt;&lt;td colspan="3"&gt;&lt;a href="selenium-screenshot-63.png"&gt;&lt;img src="selenium-screenshot-63.png" width="800px"&gt;&lt;/a&gt;</msg>
<status status="PASS" starttime="20220131 10:57:01.840" endtime="20220131 10:57:01.997"/>
</kw>
<msg timestamp="20220131 10:57:01.998" level="FAIL">Element '//li[.="Cairo TestTrialD3"]' did not appear in 5 seconds.</msg>
<status status="FAIL" starttime="20220131 10:56:56.695" endtime="20220131 10:57:01.998"/>
</kw>
<kw name="Wait Until Page Contains Element" library="SeleniumLibrary">
<arg>${TargetedOption}</arg>
<doc>Waits until the element ``locator`` appears on the current page.</doc>
<kw name="Capture Page Screenshot" library="SeleniumLibrary">
<doc>Takes a screenshot of the current page and embeds it into a log file.</doc>
<msg timestamp="20220131 10:57:08.190" level="INFO" html="true">&lt;/td&gt;&lt;/tr&gt;&lt;tr&gt;&lt;td colspan="3"&gt;&lt;a href="selenium-screenshot-64.png"&gt;&lt;img src="selenium-screenshot-64.png" width="800px"&gt;&lt;/a&gt;</msg>
<status status="PASS" starttime="20220131 10:57:08.021" endtime="20220131 10:57:08.190"/>
</kw>
<msg timestamp="20220131 10:57:08.191" level="FAIL">Element '//li[.="Cairo TestTrialD3"]' did not appear in 5 seconds.</msg>
<status status="FAIL" starttime="20220131 10:57:03.011" endtime="20220131 10:57:08.191"/>
</kw>
<kw name="Wait Until Page Contains Element" library="SeleniumLibrary">
<arg>${TargetedOption}</arg>
<doc>Waits until the element ``locator`` appears on the current page.</doc>
<kw name="Capture Page Screenshot" library="SeleniumLibrary">
<doc>Takes a screenshot of the current page and embeds it into a log file.</doc>
<msg timestamp="20220131 10:57:14.551" level="INFO" html="true">&lt;/td&gt;&lt;/tr&gt;&lt;tr&gt;&lt;td colspan="3"&gt;&lt;a href="selenium-screenshot-65.png"&gt;&lt;img src="selenium-screenshot-65.png" width="800px"&gt;&lt;/a&gt;</msg>
<status status="PASS" starttime="20220131 10:57:14.373" endtime="20220131 10:57:14.551"/>
</kw>
<msg timestamp="20220131 10:57:14.552" level="FAIL">Element '//li[.="Cairo TestTrialD3"]' did not appear in 5 seconds.</msg>
<status status="FAIL" starttime="20220131 10:57:09.206" endtime="20220131 10:57:14.552"/>
</kw>
<kw name="Wait Until Page Contains Element" library="SeleniumLibrary">
<arg>${TargetedOption}</arg>
<doc>Waits until the element ``locator`` appears on the current page.</doc>
<kw name="Capture Page Screenshot" library="SeleniumLibrary">
<doc>Takes a screenshot of the current page and embeds it into a log file.</doc>
<msg timestamp="20220131 10:57:20.834" level="FAIL">AttributeError: 'NoneType' object has no attribute 'encode'</msg>
<status status="FAIL" starttime="20220131 10:57:20.692" endtime="20220131 10:57:20.834"/>
</kw>
<msg timestamp="20220131 10:57:20.834" level="WARN">Keyword 'Capture Page Screenshot' could not be run on failure: AttributeError: 'NoneType' object has no attribute 'encode'</msg>
<msg timestamp="20220131 10:57:20.838" level="FAIL">Element '//li[.="Cairo TestTrialD3"]' did not appear in 5 seconds.</msg>
<status status="FAIL" starttime="20220131 10:57:15.556" endtime="20220131 10:57:20.838"/>
</kw>
<kw name="Wait Until Page Contains Element" library="SeleniumLibrary">
<arg>${TargetedOption}</arg>
<doc>Waits until the element ``locator`` appears on the current page.</doc>
<kw name="Capture Page Screenshot" library="SeleniumLibrary">
<doc>Takes a screenshot of the current page and embeds it into a log file.</doc>
<msg timestamp="20220131 10:57:21.867" level="FAIL">NoSuchWindowException: Message: no such window: target window already closed
from unknown error: web view not found
  (Session info: chrome=97.0.4692.99)
</msg>
<status status="FAIL" starttime="20220131 10:57:21.851" endtime="20220131 10:57:21.867"/>
</kw>
<msg timestamp="20220131 10:57:21.867" level="WARN">Keyword 'Capture Page Screenshot' could not be run on failure: NoSuchWindowException: Message: no such window: target window already closed
from unknown error: web view not found
  (Session info: chrome=97.0.4692.99)
</msg>
<msg timestamp="20220131 10:57:21.872" level="FAIL">NoSuchWindowException: Message: no such window: target window already closed
from unknown error: web view not found
  (Session info: chrome=97.0.4692.99)
</msg>
<status status="FAIL" starttime="20220131 10:57:21.847" endtime="20220131 10:57:21.872"/>
</kw>
<kw name="Wait Until Page Contains Element" library="SeleniumLibrary">
<arg>${TargetedOption}</arg>
<doc>Waits until the element ``locator`` appears on the current page.</doc>
<kw name="Capture Page Screenshot" library="SeleniumLibrary">
<doc>Takes a screenshot of the current page and embeds it into a log file.</doc>
<msg timestamp="20220131 10:57:22.890" level="FAIL">NoSuchWindowException: Message: no such window: target window already closed
from unknown error: web view not found
  (Session info: chrome=97.0.4692.99)
</msg>
<status status="FAIL" starttime="20220131 10:57:22.883" endtime="20220131 10:57:22.890"/>
</kw>
<msg timestamp="20220131 10:57:22.890" level="WARN">Keyword 'Capture Page Screenshot' could not be run on failure: NoSuchWindowException: Message: no such window: target window already closed
from unknown error: web view not found
  (Session info: chrome=97.0.4692.99)
</msg>
<msg timestamp="20220131 10:57:22.893" level="FAIL">NoSuchWindowException: Message: no such window: target window already closed
from unknown error: web view not found
  (Session info: chrome=97.0.4692.99)
</msg>
<status status="FAIL" starttime="20220131 10:57:22.878" endtime="20220131 10:57:22.893"/>
</kw>
<kw name="Wait Until Page Contains Element" library="SeleniumLibrary">
<arg>${TargetedOption}</arg>
<doc>Waits until the element ``locator`` appears on the current page.</doc>
<kw name="Capture Page Screenshot" library="SeleniumLibrary">
<doc>Takes a screenshot of the current page and embeds it into a log file.</doc>
<msg timestamp="20220131 10:57:23.925" level="FAIL">NoSuchWindowException: Message: no such window: target window already closed
from unknown error: web view not found
  (Session info: chrome=97.0.4692.99)
</msg>
<status status="FAIL" starttime="20220131 10:57:23.903" endtime="20220131 10:57:23.926"/>
</kw>
<msg timestamp="20220131 10:57:23.926" level="WARN">Keyword 'Capture Page Screenshot' could not be run on failure: NoSuchWindowException: Message: no such window: target window already closed
from unknown error: web view not found
  (Session info: chrome=97.0.4692.99)
</msg>
<msg timestamp="20220131 10:57:23.930" level="FAIL">NoSuchWindowException: Message: no such window: target window already closed
from unknown error: web view not found
  (Session info: chrome=97.0.4692.99)
</msg>
<status status="FAIL" starttime="20220131 10:57:23.898" endtime="20220131 10:57:23.930"/>
</kw>
<kw name="Wait Until Page Contains Element" library="SeleniumLibrary">
<arg>${TargetedOption}</arg>
<doc>Waits until the element ``locator`` appears on the current page.</doc>
<kw name="Capture Page Screenshot" library="SeleniumLibrary">
<doc>Takes a screenshot of the current page and embeds it into a log file.</doc>
<msg timestamp="20220131 10:57:24.958" level="FAIL">NoSuchWindowException: Message: no such window: target window already closed
from unknown error: web view not found
  (Session info: chrome=97.0.4692.99)
</msg>
<status status="FAIL" starttime="20220131 10:57:24.951" endtime="20220131 10:57:24.958"/>
</kw>
<msg timestamp="20220131 10:57:24.958" level="WARN">Keyword 'Capture Page Screenshot' could not be run on failure: NoSuchWindowException: Message: no such window: target window already closed
from unknown error: web view not found
  (Session info: chrome=97.0.4692.99)
</msg>
<msg timestamp="20220131 10:57:24.960" level="FAIL">NoSuchWindowException: Message: no such window: target window already closed
from unknown error: web view not found
  (Session info: chrome=97.0.4692.99)
</msg>
<status status="FAIL" starttime="20220131 10:57:24.945" endtime="20220131 10:57:24.960"/>
</kw>
<kw name="Wait Until Page Contains Element" library="SeleniumLibrary">
<arg>${TargetedOption}</arg>
<doc>Waits until the element ``locator`` appears on the current page.</doc>
<kw name="Capture Page Screenshot" library="SeleniumLibrary">
<doc>Takes a screenshot of the current page and embeds it into a log file.</doc>
<msg timestamp="20220131 10:57:25.971" level="FAIL">NoSuchWindowException: Message: no such window: target window already closed
from unknown error: web view not found
  (Session info: chrome=97.0.4692.99)
</msg>
<status status="FAIL" starttime="20220131 10:57:25.962" endtime="20220131 10:57:25.971"/>
</kw>
<msg timestamp="20220131 10:57:25.972" level="WARN">Keyword 'Capture Page Screenshot' could not be run on failure: NoSuchWindowException: Message: no such window: target window already closed
from unknown error: web view not found
  (Session info: chrome=97.0.4692.99)
</msg>
<msg timestamp="20220131 10:57:25.975" level="FAIL">NoSuchWindowException: Message: no such window: target window already closed
from unknown error: web view not found
  (Session info: chrome=97.0.4692.99)
</msg>
<status status="FAIL" starttime="20220131 10:57:25.960" endtime="20220131 10:57:25.975"/>
</kw>
<kw name="Wait Until Page Contains Element" library="SeleniumLibrary">
<arg>${TargetedOption}</arg>
<doc>Waits until the element ``locator`` appears on the current page.</doc>
<kw name="Capture Page Screenshot" library="SeleniumLibrary">
<doc>Takes a screenshot of the current page and embeds it into a log file.</doc>
<msg timestamp="20220131 10:57:26.999" level="FAIL">NoSuchWindowException: Message: no such window: target window already closed
from unknown error: web view not found
  (Session info: chrome=97.0.4692.99)
</msg>
<status status="FAIL" starttime="20220131 10:57:26.991" endtime="20220131 10:57:26.999"/>
</kw>
<msg timestamp="20220131 10:57:26.999" level="WARN">Keyword 'Capture Page Screenshot' could not be run on failure: NoSuchWindowException: Message: no such window: target window already closed
from unknown error: web view not found
  (Session info: chrome=97.0.4692.99)
</msg>
<msg timestamp="20220131 10:57:27.001" level="FAIL">NoSuchWindowException: Message: no such window: target window already closed
from unknown error: web view not found
  (Session info: chrome=97.0.4692.99)
</msg>
<status status="FAIL" starttime="20220131 10:57:26.986" endtime="20220131 10:57:27.001"/>
</kw>
<kw name="Wait Until Page Contains Element" library="SeleniumLibrary">
<arg>${TargetedOption}</arg>
<doc>Waits until the element ``locator`` appears on the current page.</doc>
<kw name="Capture Page Screenshot" library="SeleniumLibrary">
<doc>Takes a screenshot of the current page and embeds it into a log file.</doc>
<msg timestamp="20220131 10:57:28.025" level="FAIL">NoSuchWindowException: Message: no such window: target window already closed
from unknown error: web view not found
  (Session info: chrome=97.0.4692.99)
</msg>
<status status="FAIL" starttime="20220131 10:57:28.016" endtime="20220131 10:57:28.025"/>
</kw>
<msg timestamp="20220131 10:57:28.025" level="WARN">Keyword 'Capture Page Screenshot' could not be run on failure: NoSuchWindowException: Message: no such window: target window already closed
from unknown error: web view not found
  (Session info: chrome=97.0.4692.99)
</msg>
<msg timestamp="20220131 10:57:28.028" level="FAIL">NoSuchWindowException: Message: no such window: target window already closed
from unknown error: web view not found
  (Session info: chrome=97.0.4692.99)
</msg>
<status status="FAIL" starttime="20220131 10:57:28.010" endtime="20220131 10:57:28.028"/>
</kw>
<kw name="Wait Until Page Contains Element" library="SeleniumLibrary">
<arg>${TargetedOption}</arg>
<doc>Waits until the element ``locator`` appears on the current page.</doc>
<kw name="Capture Page Screenshot" library="SeleniumLibrary">
<doc>Takes a screenshot of the current page and embeds it into a log file.</doc>
<msg timestamp="20220131 10:57:29.044" level="FAIL">NoSuchWindowException: Message: no such window: target window already closed
from unknown error: web view not found
  (Session info: chrome=97.0.4692.99)
</msg>
<status status="FAIL" starttime="20220131 10:57:29.037" endtime="20220131 10:57:29.044"/>
</kw>
<msg timestamp="20220131 10:57:29.044" level="WARN">Keyword 'Capture Page Screenshot' could not be run on failure: NoSuchWindowException: Message: no such window: target window already closed
from unknown error: web view not found
  (Session info: chrome=97.0.4692.99)
</msg>
<msg timestamp="20220131 10:57:29.046" level="FAIL">NoSuchWindowException: Message: no such window: target window already closed
from unknown error: web view not found
  (Session info: chrome=97.0.4692.99)
</msg>
<status status="FAIL" starttime="20220131 10:57:29.032" endtime="20220131 10:57:29.046"/>
</kw>
<kw name="Wait Until Page Contains Element" library="SeleniumLibrary">
<arg>${TargetedOption}</arg>
<doc>Waits until the element ``locator`` appears on the current page.</doc>
<kw name="Capture Page Screenshot" library="SeleniumLibrary">
<doc>Takes a screenshot of the current page and embeds it into a log file.</doc>
<msg timestamp="20220131 10:57:30.071" level="FAIL">NoSuchWindowException: Message: no such window: target window already closed
from unknown error: web view not found
  (Session info: chrome=97.0.4692.99)
</msg>
<status status="FAIL" starttime="20220131 10:57:30.064" endtime="20220131 10:57:30.071"/>
</kw>
<msg timestamp="20220131 10:57:30.071" level="WARN">Keyword 'Capture Page Screenshot' could not be run on failure: NoSuchWindowException: Message: no such window: target window already closed
from unknown error: web view not found
  (Session info: chrome=97.0.4692.99)
</msg>
<msg timestamp="20220131 10:57:30.074" level="FAIL">NoSuchWindowException: Message: no such window: target window already closed
from unknown error: web view not found
  (Session info: chrome=97.0.4692.99)
</msg>
<status status="FAIL" starttime="20220131 10:57:30.060" endtime="20220131 10:57:30.074"/>
</kw>
<kw name="Wait Until Page Contains Element" library="SeleniumLibrary">
<arg>${TargetedOption}</arg>
<doc>Waits until the element ``locator`` appears on the current page.</doc>
<kw name="Capture Page Screenshot" library="SeleniumLibrary">
<doc>Takes a screenshot of the current page and embeds it into a log file.</doc>
<msg timestamp="20220131 10:57:31.088" level="FAIL">NoSuchWindowException: Message: no such window: target window already closed
from unknown error: web view not found
  (Session info: chrome=97.0.4692.99)
</msg>
<status status="FAIL" starttime="20220131 10:57:31.081" endtime="20220131 10:57:31.088"/>
</kw>
<msg timestamp="20220131 10:57:31.088" level="WARN">Keyword 'Capture Page Screenshot' could not be run on failure: NoSuchWindowException: Message: no such window: target window already closed
from unknown error: web view not found
  (Session info: chrome=97.0.4692.99)
</msg>
<msg timestamp="20220131 10:57:31.090" level="FAIL">NoSuchWindowException: Message: no such window: target window already closed
from unknown error: web view not found
  (Session info: chrome=97.0.4692.99)
</msg>
<status status="FAIL" starttime="20220131 10:57:31.079" endtime="20220131 10:57:31.090"/>
</kw>
<kw name="Wait Until Page Contains Element" library="SeleniumLibrary">
<arg>${TargetedOption}</arg>
<doc>Waits until the element ``locator`` appears on the current page.</doc>
<kw name="Capture Page Screenshot" library="SeleniumLibrary">
<doc>Takes a screenshot of the current page and embeds it into a log file.</doc>
<msg timestamp="20220131 10:57:32.121" level="FAIL">NoSuchWindowException: Message: no such window: target window already closed
from unknown error: web view not found
  (Session info: chrome=97.0.4692.99)
</msg>
<status status="FAIL" starttime="20220131 10:57:32.099" endtime="20220131 10:57:32.121"/>
</kw>
<msg timestamp="20220131 10:57:32.121" level="WARN">Keyword 'Capture Page Screenshot' could not be run on failure: NoSuchWindowException: Message: no such window: target window already closed
from unknown error: web view not found
  (Session info: chrome=97.0.4692.99)
</msg>
<msg timestamp="20220131 10:57:32.125" level="FAIL">NoSuchWindowException: Message: no such window: target window already closed
from unknown error: web view not found
  (Session info: chrome=97.0.4692.99)
</msg>
<status status="FAIL" starttime="20220131 10:57:32.092" endtime="20220131 10:57:32.125"/>
</kw>
<kw name="Wait Until Page Contains Element" library="SeleniumLibrary">
<arg>${TargetedOption}</arg>
<doc>Waits until the element ``locator`` appears on the current page.</doc>
<kw name="Capture Page Screenshot" library="SeleniumLibrary">
<doc>Takes a screenshot of the current page and embeds it into a log file.</doc>
<msg timestamp="20220131 10:57:33.160" level="FAIL">NoSuchWindowException: Message: no such window: target window already closed
from unknown error: web view not found
  (Session info: chrome=97.0.4692.99)
</msg>
<status status="FAIL" starttime="20220131 10:57:33.138" endtime="20220131 10:57:33.160"/>
</kw>
<msg timestamp="20220131 10:57:33.160" level="WARN">Keyword 'Capture Page Screenshot' could not be run on failure: NoSuchWindowException: Message: no such window: target window already closed
from unknown error: web view not found
  (Session info: chrome=97.0.4692.99)
</msg>
<msg timestamp="20220131 10:57:33.165" level="FAIL">NoSuchWindowException: Message: no such window: target window already closed
from unknown error: web view not found
  (Session info: chrome=97.0.4692.99)
</msg>
<status status="FAIL" starttime="20220131 10:57:33.132" endtime="20220131 10:57:33.165"/>
</kw>
<kw name="Wait Until Page Contains Element" library="SeleniumLibrary">
<arg>${TargetedOption}</arg>
<doc>Waits until the element ``locator`` appears on the current page.</doc>
<kw name="Capture Page Screenshot" library="SeleniumLibrary">
<doc>Takes a screenshot of the current page and embeds it into a log file.</doc>
<msg timestamp="20220131 10:57:34.205" level="FAIL">NoSuchWindowException: Message: no such window: target window already closed
from unknown error: web view not found
  (Session info: chrome=97.0.4692.99)
</msg>
<status status="FAIL" starttime="20220131 10:57:34.186" endtime="20220131 10:57:34.205"/>
</kw>
<msg timestamp="20220131 10:57:34.205" level="WARN">Keyword 'Capture Page Screenshot' could not be run on failure: NoSuchWindowException: Message: no such window: target window already closed
from unknown error: web view not found
  (Session info: chrome=97.0.4692.99)
</msg>
<msg timestamp="20220131 10:57:34.209" level="FAIL">NoSuchWindowException: Message: no such window: target window already closed
from unknown error: web view not found
  (Session info: chrome=97.0.4692.99)
</msg>
<status status="FAIL" starttime="20220131 10:57:34.180" endtime="20220131 10:57:34.209"/>
</kw>
<kw name="Wait Until Page Contains Element" library="SeleniumLibrary">
<arg>${TargetedOption}</arg>
<doc>Waits until the element ``locator`` appears on the current page.</doc>
<kw name="Capture Page Screenshot" library="SeleniumLibrary">
<doc>Takes a screenshot of the current page and embeds it into a log file.</doc>
<msg timestamp="20220131 10:57:35.237" level="FAIL">NoSuchWindowException: Message: no such window: target window already closed
from unknown error: web view not found
  (Session info: chrome=97.0.4692.99)
</msg>
<status status="FAIL" starttime="20220131 10:57:35.227" endtime="20220131 10:57:35.237"/>
</kw>
<msg timestamp="20220131 10:57:35.237" level="WARN">Keyword 'Capture Page Screenshot' could not be run on failure: NoSuchWindowException: Message: no such window: target window already closed
from unknown error: web view not found
  (Session info: chrome=97.0.4692.99)
</msg>
<msg timestamp="20220131 10:57:35.240" level="FAIL">NoSuchWindowException: Message: no such window: target window already closed
from unknown error: web view not found
  (Session info: chrome=97.0.4692.99)
</msg>
<status status="FAIL" starttime="20220131 10:57:35.221" endtime="20220131 10:57:35.240"/>
</kw>
<kw name="Wait Until Page Contains Element" library="SeleniumLibrary">
<arg>${TargetedOption}</arg>
<doc>Waits until the element ``locator`` appears on the current page.</doc>
<kw name="Capture Page Screenshot" library="SeleniumLibrary">
<doc>Takes a screenshot of the current page and embeds it into a log file.</doc>
<msg timestamp="20220131 10:57:36.260" level="FAIL">NoSuchWindowException: Message: no such window: target window already closed
from unknown error: web view not found
  (Session info: chrome=97.0.4692.99)
</msg>
<status status="FAIL" starttime="20220131 10:57:36.253" endtime="20220131 10:57:36.260"/>
</kw>
<msg timestamp="20220131 10:57:36.260" level="WARN">Keyword 'Capture Page Screenshot' could not be run on failure: NoSuchWindowException: Message: no such window: target window already closed
from unknown error: web view not found
  (Session info: chrome=97.0.4692.99)
</msg>
<msg timestamp="20220131 10:57:36.262" level="FAIL">NoSuchWindowException: Message: no such window: target window already closed
from unknown error: web view not found
  (Session info: chrome=97.0.4692.99)
</msg>
<status status="FAIL" starttime="20220131 10:57:36.248" endtime="20220131 10:57:36.262"/>
</kw>
<kw name="Wait Until Page Contains Element" library="SeleniumLibrary">
<arg>${TargetedOption}</arg>
<doc>Waits until the element ``locator`` appears on the current page.</doc>
<kw name="Capture Page Screenshot" library="SeleniumLibrary">
<doc>Takes a screenshot of the current page and embeds it into a log file.</doc>
<msg timestamp="20220131 10:57:37.282" level="FAIL">NoSuchWindowException: Message: no such window: target window already closed
from unknown error: web view not found
  (Session info: chrome=97.0.4692.99)
</msg>
<status status="FAIL" starttime="20220131 10:57:37.272" endtime="20220131 10:57:37.282"/>
</kw>
<msg timestamp="20220131 10:57:37.282" level="WARN">Keyword 'Capture Page Screenshot' could not be run on failure: NoSuchWindowException: Message: no such window: target window already closed
from unknown error: web view not found
  (Session info: chrome=97.0.4692.99)
</msg>
<msg timestamp="20220131 10:57:37.284" level="FAIL">NoSuchWindowException: Message: no such window: target window already closed
from unknown error: web view not found
  (Session info: chrome=97.0.4692.99)
</msg>
<status status="FAIL" starttime="20220131 10:57:37.266" endtime="20220131 10:57:37.285"/>
</kw>
<kw name="Wait Until Page Contains Element" library="SeleniumLibrary">
<arg>${TargetedOption}</arg>
<doc>Waits until the element ``locator`` appears on the current page.</doc>
<kw name="Capture Page Screenshot" library="SeleniumLibrary">
<doc>Takes a screenshot of the current page and embeds it into a log file.</doc>
<msg timestamp="20220131 10:57:38.308" level="FAIL">NoSuchWindowException: Message: no such window: target window already closed
from unknown error: web view not found
  (Session info: chrome=97.0.4692.99)
</msg>
<status status="FAIL" starttime="20220131 10:57:38.300" endtime="20220131 10:57:38.308"/>
</kw>
<msg timestamp="20220131 10:57:38.308" level="WARN">Keyword 'Capture Page Screenshot' could not be run on failure: NoSuchWindowException: Message: no such window: target window already closed
from unknown error: web view not found
  (Session info: chrome=97.0.4692.99)
</msg>
<msg timestamp="20220131 10:57:38.311" level="FAIL">NoSuchWindowException: Message: no such window: target window already closed
from unknown error: web view not found
  (Session info: chrome=97.0.4692.99)
</msg>
<status status="FAIL" starttime="20220131 10:57:38.292" endtime="20220131 10:57:38.311"/>
</kw>
<kw name="Wait Until Page Contains Element" library="SeleniumLibrary">
<arg>${TargetedOption}</arg>
<doc>Waits until the element ``locator`` appears on the current page.</doc>
<kw name="Capture Page Screenshot" library="SeleniumLibrary">
<doc>Takes a screenshot of the current page and embeds it into a log file.</doc>
<msg timestamp="20220131 10:57:39.327" level="FAIL">NoSuchWindowException: Message: no such window: target window already closed
from unknown error: web view not found
  (Session info: chrome=97.0.4692.99)
</msg>
<status status="FAIL" starttime="20220131 10:57:39.318" endtime="20220131 10:57:39.327"/>
</kw>
<msg timestamp="20220131 10:57:39.327" level="WARN">Keyword 'Capture Page Screenshot' could not be run on failure: NoSuchWindowException: Message: no such window: target window already closed
from unknown error: web view not found
  (Session info: chrome=97.0.4692.99)
</msg>
<msg timestamp="20220131 10:57:39.330" level="FAIL">NoSuchWindowException: Message: no such window: target window already closed
from unknown error: web view not found
  (Session info: chrome=97.0.4692.99)
</msg>
<status status="FAIL" starttime="20220131 10:57:39.313" endtime="20220131 10:57:39.330"/>
</kw>
<kw name="Wait Until Page Contains Element" library="SeleniumLibrary">
<arg>${TargetedOption}</arg>
<doc>Waits until the element ``locator`` appears on the current page.</doc>
<kw name="Capture Page Screenshot" library="SeleniumLibrary">
<doc>Takes a screenshot of the current page and embeds it into a log file.</doc>
<msg timestamp="20220131 10:57:40.357" level="FAIL">NoSuchWindowException: Message: no such window: target window already closed
from unknown error: web view not found
  (Session info: chrome=97.0.4692.99)
</msg>
<status status="FAIL" starttime="20220131 10:57:40.346" endtime="20220131 10:57:40.357"/>
</kw>
<msg timestamp="20220131 10:57:40.357" level="WARN">Keyword 'Capture Page Screenshot' could not be run on failure: NoSuchWindowException: Message: no such window: target window already closed
from unknown error: web view not found
  (Session info: chrome=97.0.4692.99)
</msg>
<msg timestamp="20220131 10:57:40.359" level="FAIL">NoSuchWindowException: Message: no such window: target window already closed
from unknown error: web view not found
  (Session info: chrome=97.0.4692.99)
</msg>
<status status="FAIL" starttime="20220131 10:57:40.340" endtime="20220131 10:57:40.359"/>
</kw>
<kw name="Wait Until Page Contains Element" library="SeleniumLibrary">
<arg>${TargetedOption}</arg>
<doc>Waits until the element ``locator`` appears on the current page.</doc>
<kw name="Capture Page Screenshot" library="SeleniumLibrary">
<doc>Takes a screenshot of the current page and embeds it into a log file.</doc>
<msg timestamp="20220131 10:57:41.376" level="FAIL">NoSuchWindowException: Message: no such window: target window already closed
from unknown error: web view not found
  (Session info: chrome=97.0.4692.99)
</msg>
<status status="FAIL" starttime="20220131 10:57:41.367" endtime="20220131 10:57:41.376"/>
</kw>
<msg timestamp="20220131 10:57:41.376" level="WARN">Keyword 'Capture Page Screenshot' could not be run on failure: NoSuchWindowException: Message: no such window: target window already closed
from unknown error: web view not found
  (Session info: chrome=97.0.4692.99)
</msg>
<msg timestamp="20220131 10:57:41.379" level="FAIL">NoSuchWindowException: Message: no such window: target window already closed
from unknown error: web view not found
  (Session info: chrome=97.0.4692.99)
</msg>
<status status="FAIL" starttime="20220131 10:57:41.360" endtime="20220131 10:57:41.379"/>
</kw>
<kw name="Wait Until Page Contains Element" library="SeleniumLibrary">
<arg>${TargetedOption}</arg>
<doc>Waits until the element ``locator`` appears on the current page.</doc>
<kw name="Capture Page Screenshot" library="SeleniumLibrary">
<doc>Takes a screenshot of the current page and embeds it into a log file.</doc>
<msg timestamp="20220131 10:57:42.401" level="FAIL">NoSuchWindowException: Message: no such window: target window already closed
from unknown error: web view not found
  (Session info: chrome=97.0.4692.99)
</msg>
<status status="FAIL" starttime="20220131 10:57:42.391" endtime="20220131 10:57:42.401"/>
</kw>
<msg timestamp="20220131 10:57:42.401" level="WARN">Keyword 'Capture Page Screenshot' could not be run on failure: NoSuchWindowException: Message: no such window: target window already closed
from unknown error: web view not found
  (Session info: chrome=97.0.4692.99)
</msg>
<msg timestamp="20220131 10:57:42.403" level="FAIL">NoSuchWindowException: Message: no such window: target window already closed
from unknown error: web view not found
  (Session info: chrome=97.0.4692.99)
</msg>
<status status="FAIL" starttime="20220131 10:57:42.384" endtime="20220131 10:57:42.403"/>
</kw>
<kw name="Wait Until Page Contains Element" library="SeleniumLibrary">
<arg>${TargetedOption}</arg>
<doc>Waits until the element ``locator`` appears on the current page.</doc>
<kw name="Capture Page Screenshot" library="SeleniumLibrary">
<doc>Takes a screenshot of the current page and embeds it into a log file.</doc>
<msg timestamp="20220131 10:57:43.425" level="FAIL">NoSuchWindowException: Message: no such window: target window already closed
from unknown error: web view not found
  (Session info: chrome=97.0.4692.99)
</msg>
<status status="FAIL" starttime="20220131 10:57:43.419" endtime="20220131 10:57:43.425"/>
</kw>
<msg timestamp="20220131 10:57:43.425" level="WARN">Keyword 'Capture Page Screenshot' could not be run on failure: NoSuchWindowException: Message: no such window: target window already closed
from unknown error: web view not found
  (Session info: chrome=97.0.4692.99)
</msg>
<msg timestamp="20220131 10:57:43.428" level="FAIL">NoSuchWindowException: Message: no such window: target window already closed
from unknown error: web view not found
  (Session info: chrome=97.0.4692.99)
</msg>
<status status="FAIL" starttime="20220131 10:57:43.418" endtime="20220131 10:57:43.428"/>
</kw>
<kw name="Wait Until Page Contains Element" library="SeleniumLibrary">
<arg>${TargetedOption}</arg>
<doc>Waits until the element ``locator`` appears on the current page.</doc>
<kw name="Capture Page Screenshot" library="SeleniumLibrary">
<doc>Takes a screenshot of the current page and embeds it into a log file.</doc>
<msg timestamp="20220131 10:57:44.451" level="FAIL">NoSuchWindowException: Message: no such window: target window already closed
from unknown error: web view not found
  (Session info: chrome=97.0.4692.99)
</msg>
<status status="FAIL" starttime="20220131 10:57:44.440" endtime="20220131 10:57:44.451"/>
</kw>
<msg timestamp="20220131 10:57:44.452" level="WARN">Keyword 'Capture Page Screenshot' could not be run on failure: NoSuchWindowException: Message: no such window: target window already closed
from unknown error: web view not found
  (Session info: chrome=97.0.4692.99)
</msg>
<msg timestamp="20220131 10:57:44.456" level="FAIL">NoSuchWindowException: Message: no such window: target window already closed
from unknown error: web view not found
  (Session info: chrome=97.0.4692.99)
</msg>
<status status="FAIL" starttime="20220131 10:57:44.437" endtime="20220131 10:57:44.457"/>
</kw>
<kw name="Wait Until Page Contains Element" library="SeleniumLibrary">
<arg>${TargetedOption}</arg>
<doc>Waits until the element ``locator`` appears on the current page.</doc>
<kw name="Capture Page Screenshot" library="SeleniumLibrary">
<doc>Takes a screenshot of the current page and embeds it into a log file.</doc>
<msg timestamp="20220131 10:57:45.478" level="FAIL">NoSuchWindowException: Message: no such window: target window already closed
from unknown error: web view not found
  (Session info: chrome=97.0.4692.99)
</msg>
<status status="FAIL" starttime="20220131 10:57:45.468" endtime="20220131 10:57:45.478"/>
</kw>
<msg timestamp="20220131 10:57:45.478" level="WARN">Keyword 'Capture Page Screenshot' could not be run on failure: NoSuchWindowException: Message: no such window: target window already closed
from unknown error: web view not found
  (Session info: chrome=97.0.4692.99)
</msg>
<msg timestamp="20220131 10:57:45.481" level="FAIL">NoSuchWindowException: Message: no such window: target window already closed
from unknown error: web view not found
  (Session info: chrome=97.0.4692.99)
</msg>
<status status="FAIL" starttime="20220131 10:57:45.463" endtime="20220131 10:57:45.481"/>
</kw>
<kw name="Wait Until Page Contains Element" library="SeleniumLibrary">
<arg>${TargetedOption}</arg>
<doc>Waits until the element ``locator`` appears on the current page.</doc>
<kw name="Capture Page Screenshot" library="SeleniumLibrary">
<doc>Takes a screenshot of the current page and embeds it into a log file.</doc>
<msg timestamp="20220131 10:57:46.504" level="FAIL">NoSuchWindowException: Message: no such window: target window already closed
from unknown error: web view not found
  (Session info: chrome=97.0.4692.99)
</msg>
<status status="FAIL" starttime="20220131 10:57:46.494" endtime="20220131 10:57:46.504"/>
</kw>
<msg timestamp="20220131 10:57:46.504" level="WARN">Keyword 'Capture Page Screenshot' could not be run on failure: NoSuchWindowException: Message: no such window: target window already closed
from unknown error: web view not found
  (Session info: chrome=97.0.4692.99)
</msg>
<msg timestamp="20220131 10:57:46.507" level="FAIL">NoSuchWindowException: Message: no such window: target window already closed
from unknown error: web view not found
  (Session info: chrome=97.0.4692.99)
</msg>
<status status="FAIL" starttime="20220131 10:57:46.488" endtime="20220131 10:57:46.507"/>
</kw>
<kw name="Wait Until Page Contains Element" library="SeleniumLibrary">
<arg>${TargetedOption}</arg>
<doc>Waits until the element ``locator`` appears on the current page.</doc>
<kw name="Capture Page Screenshot" library="SeleniumLibrary">
<doc>Takes a screenshot of the current page and embeds it into a log file.</doc>
<msg timestamp="20220131 10:57:47.526" level="FAIL">NoSuchWindowException: Message: no such window: target window already closed
from unknown error: web view not found
  (Session info: chrome=97.0.4692.99)
</msg>
<status status="FAIL" starttime="20220131 10:57:47.520" endtime="20220131 10:57:47.527"/>
</kw>
<msg timestamp="20220131 10:57:47.527" level="WARN">Keyword 'Capture Page Screenshot' could not be run on failure: NoSuchWindowException: Message: no such window: target window already closed
from unknown error: web view not found
  (Session info: chrome=97.0.4692.99)
</msg>
<msg timestamp="20220131 10:57:47.529" level="FAIL">NoSuchWindowException: Message: no such window: target window already closed
from unknown error: web view not found
  (Session info: chrome=97.0.4692.99)
</msg>
<status status="FAIL" starttime="20220131 10:57:47.518" endtime="20220131 10:57:47.529"/>
</kw>
<kw name="Wait Until Page Contains Element" library="SeleniumLibrary">
<arg>${TargetedOption}</arg>
<doc>Waits until the element ``locator`` appears on the current page.</doc>
<kw name="Capture Page Screenshot" library="SeleniumLibrary">
<doc>Takes a screenshot of the current page and embeds it into a log file.</doc>
<msg timestamp="20220131 10:57:48.566" level="FAIL">NoSuchWindowException: Message: no such window: target window already closed
from unknown error: web view not found
  (Session info: chrome=97.0.4692.99)
</msg>
<status status="FAIL" starttime="20220131 10:57:48.545" endtime="20220131 10:57:48.566"/>
</kw>
<msg timestamp="20220131 10:57:48.567" level="WARN">Keyword 'Capture Page Screenshot' could not be run on failure: NoSuchWindowException: Message: no such window: target window already closed
from unknown error: web view not found
  (Session info: chrome=97.0.4692.99)
</msg>
<msg timestamp="20220131 10:57:48.571" level="FAIL">NoSuchWindowException: Message: no such window: target window already closed
from unknown error: web view not found
  (Session info: chrome=97.0.4692.99)
</msg>
<status status="FAIL" starttime="20220131 10:57:48.538" endtime="20220131 10:57:48.571"/>
</kw>
<kw name="Wait Until Page Contains Element" library="SeleniumLibrary">
<arg>${TargetedOption}</arg>
<doc>Waits until the element ``locator`` appears on the current page.</doc>
<kw name="Capture Page Screenshot" library="SeleniumLibrary">
<doc>Takes a screenshot of the current page and embeds it into a log file.</doc>
<msg timestamp="20220131 10:57:49.599" level="FAIL">NoSuchWindowException: Message: no such window: target window already closed
from unknown error: web view not found
  (Session info: chrome=97.0.4692.99)
</msg>
<status status="FAIL" starttime="20220131 10:57:49.581" endtime="20220131 10:57:49.600"/>
</kw>
<msg timestamp="20220131 10:57:49.600" level="WARN">Keyword 'Capture Page Screenshot' could not be run on failure: NoSuchWindowException: Message: no such window: target window already closed
from unknown error: web view not found
  (Session info: chrome=97.0.4692.99)
</msg>
<msg timestamp="20220131 10:57:49.604" level="FAIL">NoSuchWindowException: Message: no such window: target window already closed
from unknown error: web view not found
  (Session info: chrome=97.0.4692.99)
</msg>
<status status="FAIL" starttime="20220131 10:57:49.576" endtime="20220131 10:57:49.604"/>
</kw>
<kw name="Wait Until Page Contains Element" library="SeleniumLibrary">
<arg>${TargetedOption}</arg>
<doc>Waits until the element ``locator`` appears on the current page.</doc>
<kw name="Capture Page Screenshot" library="SeleniumLibrary">
<doc>Takes a screenshot of the current page and embeds it into a log file.</doc>
<msg timestamp="20220131 10:57:50.629" level="FAIL">NoSuchWindowException: Message: no such window: target window already closed
from unknown error: web view not found
  (Session info: chrome=97.0.4692.99)
</msg>
<status status="FAIL" starttime="20220131 10:57:50.623" endtime="20220131 10:57:50.629"/>
</kw>
<msg timestamp="20220131 10:57:50.629" level="WARN">Keyword 'Capture Page Screenshot' could not be run on failure: NoSuchWindowException: Message: no such window: target window already closed
from unknown error: web view not found
  (Session info: chrome=97.0.4692.99)
</msg>
<msg timestamp="20220131 10:57:50.631" level="FAIL">NoSuchWindowException: Message: no such window: target window already closed
from unknown error: web view not found
  (Session info: chrome=97.0.4692.99)
</msg>
<status status="FAIL" starttime="20220131 10:57:50.618" endtime="20220131 10:57:50.632"/>
</kw>
<kw name="Wait Until Page Contains Element" library="SeleniumLibrary">
<arg>${TargetedOption}</arg>
<doc>Waits until the element ``locator`` appears on the current page.</doc>
<kw name="Capture Page Screenshot" library="SeleniumLibrary">
<doc>Takes a screenshot of the current page and embeds it into a log file.</doc>
<msg timestamp="20220131 10:57:51.650" level="FAIL">NoSuchWindowException: Message: no such window: target window already closed
from unknown error: web view not found
  (Session info: chrome=97.0.4692.99)
</msg>
<status status="FAIL" starttime="20220131 10:57:51.643" endtime="20220131 10:57:51.650"/>
</kw>
<msg timestamp="20220131 10:57:51.650" level="WARN">Keyword 'Capture Page Screenshot' could not be run on failure: NoSuchWindowException: Message: no such window: target window already closed
from unknown error: web view not found
  (Session info: chrome=97.0.4692.99)
</msg>
<msg timestamp="20220131 10:57:51.653" level="FAIL">NoSuchWindowException: Message: no such window: target window already closed
from unknown error: web view not found
  (Session info: chrome=97.0.4692.99)
</msg>
<status status="FAIL" starttime="20220131 10:57:51.639" endtime="20220131 10:57:51.653"/>
</kw>
<kw name="Wait Until Page Contains Element" library="SeleniumLibrary">
<arg>${TargetedOption}</arg>
<doc>Waits until the element ``locator`` appears on the current page.</doc>
<kw name="Capture Page Screenshot" library="SeleniumLibrary">
<doc>Takes a screenshot of the current page and embeds it into a log file.</doc>
<msg timestamp="20220131 10:57:52.670" level="FAIL">NoSuchWindowException: Message: no such window: target window already closed
from unknown error: web view not found
  (Session info: chrome=97.0.4692.99)
</msg>
<status status="FAIL" starttime="20220131 10:57:52.663" endtime="20220131 10:57:52.670"/>
</kw>
<msg timestamp="20220131 10:57:52.670" level="WARN">Keyword 'Capture Page Screenshot' could not be run on failure: NoSuchWindowException: Message: no such window: target window already closed
from unknown error: web view not found
  (Session info: chrome=97.0.4692.99)
</msg>
<msg timestamp="20220131 10:57:52.673" level="FAIL">NoSuchWindowException: Message: no such window: target window already closed
from unknown error: web view not found
  (Session info: chrome=97.0.4692.99)
</msg>
<status status="FAIL" starttime="20220131 10:57:52.658" endtime="20220131 10:57:52.673"/>
</kw>
<kw name="Wait Until Page Contains Element" library="SeleniumLibrary">
<arg>${TargetedOption}</arg>
<doc>Waits until the element ``locator`` appears on the current page.</doc>
<kw name="Capture Page Screenshot" library="SeleniumLibrary">
<doc>Takes a screenshot of the current page and embeds it into a log file.</doc>
<msg timestamp="20220131 10:57:53.696" level="FAIL">NoSuchWindowException: Message: no such window: target window already closed
from unknown error: web view not found
  (Session info: chrome=97.0.4692.99)
</msg>
<status status="FAIL" starttime="20220131 10:57:53.686" endtime="20220131 10:57:53.696"/>
</kw>
<msg timestamp="20220131 10:57:53.696" level="WARN">Keyword 'Capture Page Screenshot' could not be run on failure: NoSuchWindowException: Message: no such window: target window already closed
from unknown error: web view not found
  (Session info: chrome=97.0.4692.99)
</msg>
<msg timestamp="20220131 10:57:53.699" level="FAIL">NoSuchWindowException: Message: no such window: target window already closed
from unknown error: web view not found
  (Session info: chrome=97.0.4692.99)
</msg>
<status status="FAIL" starttime="20220131 10:57:53.680" endtime="20220131 10:57:53.699"/>
</kw>
<kw name="Wait Until Page Contains Element" library="SeleniumLibrary">
<arg>${TargetedOption}</arg>
<doc>Waits until the element ``locator`` appears on the current page.</doc>
<kw name="Capture Page Screenshot" library="SeleniumLibrary">
<doc>Takes a screenshot of the current page and embeds it into a log file.</doc>
<msg timestamp="20220131 10:57:54.732" level="FAIL">NoSuchWindowException: Message: no such window: target window already closed
from unknown error: web view not found
  (Session info: chrome=97.0.4692.99)
</msg>
<status status="FAIL" starttime="20220131 10:57:54.710" endtime="20220131 10:57:54.732"/>
</kw>
<msg timestamp="20220131 10:57:54.733" level="WARN">Keyword 'Capture Page Screenshot' could not be run on failure: NoSuchWindowException: Message: no such window: target window already closed
from unknown error: web view not found
  (Session info: chrome=97.0.4692.99)
</msg>
<msg timestamp="20220131 10:57:54.737" level="FAIL">NoSuchWindowException: Message: no such window: target window already closed
from unknown error: web view not found
  (Session info: chrome=97.0.4692.99)
</msg>
<status status="FAIL" starttime="20220131 10:57:54.703" endtime="20220131 10:57:54.737"/>
</kw>
<kw name="Wait Until Page Contains Element" library="SeleniumLibrary">
<arg>${TargetedOption}</arg>
<doc>Waits until the element ``locator`` appears on the current page.</doc>
<kw name="Capture Page Screenshot" library="SeleniumLibrary">
<doc>Takes a screenshot of the current page and embeds it into a log file.</doc>
<msg timestamp="20220131 10:57:55.758" level="FAIL">NoSuchWindowException: Message: no such window: target window already closed
from unknown error: web view not found
  (Session info: chrome=97.0.4692.99)
</msg>
<status status="FAIL" starttime="20220131 10:57:55.751" endtime="20220131 10:57:55.758"/>
</kw>
<msg timestamp="20220131 10:57:55.758" level="WARN">Keyword 'Capture Page Screenshot' could not be run on failure: NoSuchWindowException: Message: no such window: target window already closed
from unknown error: web view not found
  (Session info: chrome=97.0.4692.99)
</msg>
<msg timestamp="20220131 10:57:55.761" level="FAIL">NoSuchWindowException: Message: no such window: target window already closed
from unknown error: web view not found
  (Session info: chrome=97.0.4692.99)
</msg>
<status status="FAIL" starttime="20220131 10:57:55.746" endtime="20220131 10:57:55.761"/>
</kw>
<kw name="Wait Until Page Contains Element" library="SeleniumLibrary">
<arg>${TargetedOption}</arg>
<doc>Waits until the element ``locator`` appears on the current page.</doc>
<kw name="Capture Page Screenshot" library="SeleniumLibrary">
<doc>Takes a screenshot of the current page and embeds it into a log file.</doc>
<msg timestamp="20220131 10:57:56.778" level="FAIL">NoSuchWindowException: Message: no such window: target window already closed
from unknown error: web view not found
  (Session info: chrome=97.0.4692.99)
</msg>
<status status="FAIL" starttime="20220131 10:57:56.772" endtime="20220131 10:57:56.778"/>
</kw>
<msg timestamp="20220131 10:57:56.778" level="WARN">Keyword 'Capture Page Screenshot' could not be run on failure: NoSuchWindowException: Message: no such window: target window already closed
from unknown error: web view not found
  (Session info: chrome=97.0.4692.99)
</msg>
<msg timestamp="20220131 10:57:56.780" level="FAIL">NoSuchWindowException: Message: no such window: target window already closed
from unknown error: web view not found
  (Session info: chrome=97.0.4692.99)
</msg>
<status status="FAIL" starttime="20220131 10:57:56.767" endtime="20220131 10:57:56.781"/>
</kw>
<kw name="Wait Until Page Contains Element" library="SeleniumLibrary">
<arg>${TargetedOption}</arg>
<doc>Waits until the element ``locator`` appears on the current page.</doc>
<kw name="Capture Page Screenshot" library="SeleniumLibrary">
<doc>Takes a screenshot of the current page and embeds it into a log file.</doc>
<msg timestamp="20220131 10:57:57.802" level="FAIL">NoSuchWindowException: Message: no such window: target window already closed
from unknown error: web view not found
  (Session info: chrome=97.0.4692.99)
</msg>
<status status="FAIL" starttime="20220131 10:57:57.792" endtime="20220131 10:57:57.802"/>
</kw>
<msg timestamp="20220131 10:57:57.802" level="WARN">Keyword 'Capture Page Screenshot' could not be run on failure: NoSuchWindowException: Message: no such window: target window already closed
from unknown error: web view not found
  (Session info: chrome=97.0.4692.99)
</msg>
<msg timestamp="20220131 10:57:57.804" level="FAIL">NoSuchWindowException: Message: no such window: target window already closed
from unknown error: web view not found
  (Session info: chrome=97.0.4692.99)
</msg>
<status status="FAIL" starttime="20220131 10:57:57.785" endtime="20220131 10:57:57.804"/>
</kw>
<kw name="Wait Until Page Contains Element" library="SeleniumLibrary">
<arg>${TargetedOption}</arg>
<doc>Waits until the element ``locator`` appears on the current page.</doc>
<kw name="Capture Page Screenshot" library="SeleniumLibrary">
<doc>Takes a screenshot of the current page and embeds it into a log file.</doc>
<msg timestamp="20220131 10:57:58.835" level="FAIL">NoSuchWindowException: Message: no such window: target window already closed
from unknown error: web view not found
  (Session info: chrome=97.0.4692.99)
</msg>
<status status="FAIL" starttime="20220131 10:57:58.821" endtime="20220131 10:57:58.835"/>
</kw>
<msg timestamp="20220131 10:57:58.835" level="WARN">Keyword 'Capture Page Screenshot' could not be run on failure: NoSuchWindowException: Message: no such window: target window already closed
from unknown error: web view not found
  (Session info: chrome=97.0.4692.99)
</msg>
<msg timestamp="20220131 10:57:58.838" level="FAIL">NoSuchWindowException: Message: no such window: target window already closed
from unknown error: web view not found
  (Session info: chrome=97.0.4692.99)
</msg>
<status status="FAIL" starttime="20220131 10:57:58.816" endtime="20220131 10:57:58.838"/>
</kw>
<kw name="Wait Until Page Contains Element" library="SeleniumLibrary">
<arg>${TargetedOption}</arg>
<doc>Waits until the element ``locator`` appears on the current page.</doc>
<kw name="Capture Page Screenshot" library="SeleniumLibrary">
<doc>Takes a screenshot of the current page and embeds it into a log file.</doc>
<msg timestamp="20220131 10:57:59.861" level="FAIL">NoSuchWindowException: Message: no such window: target window already closed
from unknown error: web view not found
  (Session info: chrome=97.0.4692.99)
</msg>
<status status="FAIL" starttime="20220131 10:57:59.854" endtime="20220131 10:57:59.861"/>
</kw>
<msg timestamp="20220131 10:57:59.861" level="WARN">Keyword 'Capture Page Screenshot' could not be run on failure: NoSuchWindowException: Message: no such window: target window already closed
from unknown error: web view not found
  (Session info: chrome=97.0.4692.99)
</msg>
<msg timestamp="20220131 10:57:59.864" level="FAIL">NoSuchWindowException: Message: no such window: target window already closed
from unknown error: web view not found
  (Session info: chrome=97.0.4692.99)
</msg>
<status status="FAIL" starttime="20220131 10:57:59.852" endtime="20220131 10:57:59.864"/>
</kw>
<kw name="Wait Until Page Contains Element" library="SeleniumLibrary">
<arg>${TargetedOption}</arg>
<doc>Waits until the element ``locator`` appears on the current page.</doc>
<kw name="Capture Page Screenshot" library="SeleniumLibrary">
<doc>Takes a screenshot of the current page and embeds it into a log file.</doc>
<msg timestamp="20220131 10:58:00.901" level="FAIL">NoSuchWindowException: Message: no such window: target window already closed
from unknown error: web view not found
  (Session info: chrome=97.0.4692.99)
</msg>
<status status="FAIL" starttime="20220131 10:58:00.878" endtime="20220131 10:58:00.901"/>
</kw>
<msg timestamp="20220131 10:58:00.901" level="WARN">Keyword 'Capture Page Screenshot' could not be run on failure: NoSuchWindowException: Message: no such window: target window already closed
from unknown error: web view not found
  (Session info: chrome=97.0.4692.99)
</msg>
<msg timestamp="20220131 10:58:00.905" level="FAIL">NoSuchWindowException: Message: no such window: target window already closed
from unknown error: web view not found
  (Session info: chrome=97.0.4692.99)
</msg>
<status status="FAIL" starttime="20220131 10:58:00.872" endtime="20220131 10:58:00.905"/>
</kw>
<kw name="Wait Until Page Contains Element" library="SeleniumLibrary">
<arg>${TargetedOption}</arg>
<doc>Waits until the element ``locator`` appears on the current page.</doc>
<kw name="Capture Page Screenshot" library="SeleniumLibrary">
<doc>Takes a screenshot of the current page and embeds it into a log file.</doc>
<msg timestamp="20220131 10:58:01.931" level="FAIL">NoSuchWindowException: Message: no such window: target window already closed
from unknown error: web view not found
  (Session info: chrome=97.0.4692.99)
</msg>
<status status="FAIL" starttime="20220131 10:58:01.924" endtime="20220131 10:58:01.931"/>
</kw>
<msg timestamp="20220131 10:58:01.931" level="WARN">Keyword 'Capture Page Screenshot' could not be run on failure: NoSuchWindowException: Message: no such window: target window already closed
from unknown error: web view not found
  (Session info: chrome=97.0.4692.99)
</msg>
<msg timestamp="20220131 10:58:01.934" level="FAIL">NoSuchWindowException: Message: no such window: target window already closed
from unknown error: web view not found
  (Session info: chrome=97.0.4692.99)
</msg>
<status status="FAIL" starttime="20220131 10:58:01.919" endtime="20220131 10:58:01.934"/>
</kw>
<kw name="Wait Until Page Contains Element" library="SeleniumLibrary">
<arg>${TargetedOption}</arg>
<doc>Waits until the element ``locator`` appears on the current page.</doc>
<kw name="Capture Page Screenshot" library="SeleniumLibrary">
<doc>Takes a screenshot of the current page and embeds it into a log file.</doc>
<msg timestamp="20220131 10:58:02.968" level="FAIL">NoSuchWindowException: Message: no such window: target window already closed
from unknown error: web view not found
  (Session info: chrome=97.0.4692.99)
</msg>
<status status="FAIL" starttime="20220131 10:58:02.946" endtime="20220131 10:58:02.968"/>
</kw>
<msg timestamp="20220131 10:58:02.969" level="WARN">Keyword 'Capture Page Screenshot' could not be run on failure: NoSuchWindowException: Message: no such window: target window already closed
from unknown error: web view not found
  (Session info: chrome=97.0.4692.99)
</msg>
<msg timestamp="20220131 10:58:02.972" level="FAIL">NoSuchWindowException: Message: no such window: target window already closed
from unknown error: web view not found
  (Session info: chrome=97.0.4692.99)
</msg>
<status status="FAIL" starttime="20220131 10:58:02.940" endtime="20220131 10:58:02.973"/>
</kw>
<kw name="Wait Until Page Contains Element" library="SeleniumLibrary">
<arg>${TargetedOption}</arg>
<doc>Waits until the element ``locator`` appears on the current page.</doc>
<kw name="Capture Page Screenshot" library="SeleniumLibrary">
<doc>Takes a screenshot of the current page and embeds it into a log file.</doc>
<msg timestamp="20220131 10:58:04.009" level="FAIL">NoSuchWindowException: Message: no such window: target window already closed
from unknown error: web view not found
  (Session info: chrome=97.0.4692.99)
</msg>
<status status="FAIL" starttime="20220131 10:58:03.990" endtime="20220131 10:58:04.009"/>
</kw>
<msg timestamp="20220131 10:58:04.009" level="WARN">Keyword 'Capture Page Screenshot' could not be run on failure: NoSuchWindowException: Message: no such window: target window already closed
from unknown error: web view not found
  (Session info: chrome=97.0.4692.99)
</msg>
<msg timestamp="20220131 10:58:04.013" level="FAIL">NoSuchWindowException: Message: no such window: target window already closed
from unknown error: web view not found
  (Session info: chrome=97.0.4692.99)
</msg>
<status status="FAIL" starttime="20220131 10:58:03.983" endtime="20220131 10:58:04.013"/>
</kw>
<kw name="Wait Until Page Contains Element" library="SeleniumLibrary">
<arg>${TargetedOption}</arg>
<doc>Waits until the element ``locator`` appears on the current page.</doc>
<kw name="Capture Page Screenshot" library="SeleniumLibrary">
<doc>Takes a screenshot of the current page and embeds it into a log file.</doc>
<msg timestamp="20220131 10:58:05.058" level="FAIL">NoSuchWindowException: Message: no such window: target window already closed
from unknown error: web view not found
  (Session info: chrome=97.0.4692.99)
</msg>
<status status="FAIL" starttime="20220131 10:58:05.035" endtime="20220131 10:58:05.059"/>
</kw>
<msg timestamp="20220131 10:58:05.059" level="WARN">Keyword 'Capture Page Screenshot' could not be run on failure: NoSuchWindowException: Message: no such window: target window already closed
from unknown error: web view not found
  (Session info: chrome=97.0.4692.99)
</msg>
<msg timestamp="20220131 10:58:05.064" level="FAIL">NoSuchWindowException: Message: no such window: target window already closed
from unknown error: web view not found
  (Session info: chrome=97.0.4692.99)
</msg>
<status status="FAIL" starttime="20220131 10:58:05.028" endtime="20220131 10:58:05.064"/>
</kw>
<kw name="Wait Until Page Contains Element" library="SeleniumLibrary">
<arg>${TargetedOption}</arg>
<doc>Waits until the element ``locator`` appears on the current page.</doc>
<kw name="Capture Page Screenshot" library="SeleniumLibrary">
<doc>Takes a screenshot of the current page and embeds it into a log file.</doc>
<msg timestamp="20220131 10:58:06.091" level="FAIL">NoSuchWindowException: Message: no such window: target window already closed
from unknown error: web view not found
  (Session info: chrome=97.0.4692.99)
</msg>
<status status="FAIL" starttime="20220131 10:58:06.084" endtime="20220131 10:58:06.091"/>
</kw>
<msg timestamp="20220131 10:58:06.091" level="WARN">Keyword 'Capture Page Screenshot' could not be run on failure: NoSuchWindowException: Message: no such window: target window already closed
from unknown error: web view not found
  (Session info: chrome=97.0.4692.99)
</msg>
<msg timestamp="20220131 10:58:06.093" level="FAIL">NoSuchWindowException: Message: no such window: target window already closed
from unknown error: web view not found
  (Session info: chrome=97.0.4692.99)
</msg>
<status status="FAIL" starttime="20220131 10:58:06.079" endtime="20220131 10:58:06.093"/>
</kw>
<kw name="Wait Until Page Contains Element" library="SeleniumLibrary">
<arg>${TargetedOption}</arg>
<doc>Waits until the element ``locator`` appears on the current page.</doc>
<kw name="Capture Page Screenshot" library="SeleniumLibrary">
<doc>Takes a screenshot of the current page and embeds it into a log file.</doc>
<msg timestamp="20220131 10:58:07.121" level="FAIL">NoSuchWindowException: Message: no such window: target window already closed
from unknown error: web view not found
  (Session info: chrome=97.0.4692.99)
</msg>
<status status="FAIL" starttime="20220131 10:58:07.111" endtime="20220131 10:58:07.121"/>
</kw>
<msg timestamp="20220131 10:58:07.121" level="WARN">Keyword 'Capture Page Screenshot' could not be run on failure: NoSuchWindowException: Message: no such window: target window already closed
from unknown error: web view not found
  (Session info: chrome=97.0.4692.99)
</msg>
<msg timestamp="20220131 10:58:07.123" level="FAIL">NoSuchWindowException: Message: no such window: target window already closed
from unknown error: web view not found
  (Session info: chrome=97.0.4692.99)
</msg>
<status status="FAIL" starttime="20220131 10:58:07.104" endtime="20220131 10:58:07.123"/>
</kw>
<kw name="Wait Until Page Contains Element" library="SeleniumLibrary">
<arg>${TargetedOption}</arg>
<doc>Waits until the element ``locator`` appears on the current page.</doc>
<kw name="Capture Page Screenshot" library="SeleniumLibrary">
<doc>Takes a screenshot of the current page and embeds it into a log file.</doc>
<msg timestamp="20220131 10:58:08.164" level="FAIL">NoSuchWindowException: Message: no such window: target window already closed
from unknown error: web view not found
  (Session info: chrome=97.0.4692.99)
</msg>
<status status="FAIL" starttime="20220131 10:58:08.142" endtime="20220131 10:58:08.164"/>
</kw>
<msg timestamp="20220131 10:58:08.165" level="WARN">Keyword 'Capture Page Screenshot' could not be run on failure: NoSuchWindowException: Message: no such window: target window already closed
from unknown error: web view not found
  (Session info: chrome=97.0.4692.99)
</msg>
<msg timestamp="20220131 10:58:08.169" level="FAIL">NoSuchWindowException: Message: no such window: target window already closed
from unknown error: web view not found
  (Session info: chrome=97.0.4692.99)
</msg>
<status status="FAIL" starttime="20220131 10:58:08.135" endtime="20220131 10:58:08.169"/>
</kw>
<kw name="Wait Until Page Contains Element" library="SeleniumLibrary">
<arg>${TargetedOption}</arg>
<doc>Waits until the element ``locator`` appears on the current page.</doc>
<kw name="Capture Page Screenshot" library="SeleniumLibrary">
<doc>Takes a screenshot of the current page and embeds it into a log file.</doc>
<msg timestamp="20220131 10:58:09.185" level="FAIL">NoSuchWindowException: Message: no such window: target window already closed
from unknown error: web view not found
  (Session info: chrome=97.0.4692.99)
</msg>
<status status="FAIL" starttime="20220131 10:58:09.178" endtime="20220131 10:58:09.185"/>
</kw>
<msg timestamp="20220131 10:58:09.185" level="WARN">Keyword 'Capture Page Screenshot' could not be run on failure: NoSuchWindowException: Message: no such window: target window already closed
from unknown error: web view not found
  (Session info: chrome=97.0.4692.99)
</msg>
<msg timestamp="20220131 10:58:09.188" level="FAIL">NoSuchWindowException: Message: no such window: target window already closed
from unknown error: web view not found
  (Session info: chrome=97.0.4692.99)
</msg>
<status status="FAIL" starttime="20220131 10:58:09.174" endtime="20220131 10:58:09.188"/>
</kw>
<kw name="Wait Until Page Contains Element" library="SeleniumLibrary">
<arg>${TargetedOption}</arg>
<doc>Waits until the element ``locator`` appears on the current page.</doc>
<kw name="Capture Page Screenshot" library="SeleniumLibrary">
<doc>Takes a screenshot of the current page and embeds it into a log file.</doc>
<msg timestamp="20220131 10:58:10.214" level="FAIL">NoSuchWindowException: Message: no such window: target window already closed
from unknown error: web view not found
  (Session info: chrome=97.0.4692.99)
</msg>
<status status="FAIL" starttime="20220131 10:58:10.204" endtime="20220131 10:58:10.214"/>
</kw>
<msg timestamp="20220131 10:58:10.214" level="WARN">Keyword 'Capture Page Screenshot' could not be run on failure: NoSuchWindowException: Message: no such window: target window already closed
from unknown error: web view not found
  (Session info: chrome=97.0.4692.99)
</msg>
<msg timestamp="20220131 10:58:10.216" level="FAIL">NoSuchWindowException: Message: no such window: target window already closed
from unknown error: web view not found
  (Session info: chrome=97.0.4692.99)
</msg>
<status status="FAIL" starttime="20220131 10:58:10.199" endtime="20220131 10:58:10.216"/>
</kw>
<kw name="Wait Until Page Contains Element" library="SeleniumLibrary">
<arg>${TargetedOption}</arg>
<doc>Waits until the element ``locator`` appears on the current page.</doc>
<kw name="Capture Page Screenshot" library="SeleniumLibrary">
<doc>Takes a screenshot of the current page and embeds it into a log file.</doc>
<msg timestamp="20220131 10:58:11.241" level="FAIL">NoSuchWindowException: Message: no such window: target window already closed
from unknown error: web view not found
  (Session info: chrome=97.0.4692.99)
</msg>
<status status="FAIL" starttime="20220131 10:58:11.231" endtime="20220131 10:58:11.241"/>
</kw>
<msg timestamp="20220131 10:58:11.241" level="WARN">Keyword 'Capture Page Screenshot' could not be run on failure: NoSuchWindowException: Message: no such window: target window already closed
from unknown error: web view not found
  (Session info: chrome=97.0.4692.99)
</msg>
<msg timestamp="20220131 10:58:11.243" level="FAIL">NoSuchWindowException: Message: no such window: target window already closed
from unknown error: web view not found
  (Session info: chrome=97.0.4692.99)
</msg>
<status status="FAIL" starttime="20220131 10:58:11.224" endtime="20220131 10:58:11.243"/>
</kw>
<kw name="Wait Until Page Contains Element" library="SeleniumLibrary">
<arg>${TargetedOption}</arg>
<doc>Waits until the element ``locator`` appears on the current page.</doc>
<kw name="Capture Page Screenshot" library="SeleniumLibrary">
<doc>Takes a screenshot of the current page and embeds it into a log file.</doc>
<msg timestamp="20220131 10:58:12.261" level="FAIL">NoSuchWindowException: Message: no such window: target window already closed
from unknown error: web view not found
  (Session info: chrome=97.0.4692.99)
</msg>
<status status="FAIL" starttime="20220131 10:58:12.255" endtime="20220131 10:58:12.261"/>
</kw>
<msg timestamp="20220131 10:58:12.261" level="WARN">Keyword 'Capture Page Screenshot' could not be run on failure: NoSuchWindowException: Message: no such window: target window already closed
from unknown error: web view not found
  (Session info: chrome=97.0.4692.99)
</msg>
<msg timestamp="20220131 10:58:12.263" level="FAIL">NoSuchWindowException: Message: no such window: target window already closed
from unknown error: web view not found
  (Session info: chrome=97.0.4692.99)
</msg>
<status status="FAIL" starttime="20220131 10:58:12.253" endtime="20220131 10:58:12.263"/>
</kw>
<kw name="Wait Until Page Contains Element" library="SeleniumLibrary">
<arg>${TargetedOption}</arg>
<doc>Waits until the element ``locator`` appears on the current page.</doc>
<kw name="Capture Page Screenshot" library="SeleniumLibrary">
<doc>Takes a screenshot of the current page and embeds it into a log file.</doc>
<msg timestamp="20220131 10:58:13.275" level="FAIL">NoSuchWindowException: Message: no such window: target window already closed
from unknown error: web view not found
  (Session info: chrome=97.0.4692.99)
</msg>
<status status="FAIL" starttime="20220131 10:58:13.267" endtime="20220131 10:58:13.275"/>
</kw>
<msg timestamp="20220131 10:58:13.275" level="WARN">Keyword 'Capture Page Screenshot' could not be run on failure: NoSuchWindowException: Message: no such window: target window already closed
from unknown error: web view not found
  (Session info: chrome=97.0.4692.99)
</msg>
<msg timestamp="20220131 10:58:13.277" level="FAIL">NoSuchWindowException: Message: no such window: target window already closed
from unknown error: web view not found
  (Session info: chrome=97.0.4692.99)
</msg>
<status status="FAIL" starttime="20220131 10:58:13.264" endtime="20220131 10:58:13.277"/>
</kw>
<kw name="Wait Until Page Contains Element" library="SeleniumLibrary">
<arg>${TargetedOption}</arg>
<doc>Waits until the element ``locator`` appears on the current page.</doc>
<kw name="Capture Page Screenshot" library="SeleniumLibrary">
<doc>Takes a screenshot of the current page and embeds it into a log file.</doc>
<msg timestamp="20220131 10:58:14.295" level="FAIL">NoSuchWindowException: Message: no such window: target window already closed
from unknown error: web view not found
  (Session info: chrome=97.0.4692.99)
</msg>
<status status="FAIL" starttime="20220131 10:58:14.280" endtime="20220131 10:58:14.295"/>
</kw>
<msg timestamp="20220131 10:58:14.295" level="WARN">Keyword 'Capture Page Screenshot' could not be run on failure: NoSuchWindowException: Message: no such window: target window already closed
from unknown error: web view not found
  (Session info: chrome=97.0.4692.99)
</msg>
<msg timestamp="20220131 10:58:14.299" level="FAIL">NoSuchWindowException: Message: no such window: target window already closed
from unknown error: web view not found
  (Session info: chrome=97.0.4692.99)
</msg>
<status status="FAIL" starttime="20220131 10:58:14.277" endtime="20220131 10:58:14.299"/>
</kw>
<kw name="Wait Until Page Contains Element" library="SeleniumLibrary">
<arg>${TargetedOption}</arg>
<doc>Waits until the element ``locator`` appears on the current page.</doc>
<kw name="Capture Page Screenshot" library="SeleniumLibrary">
<doc>Takes a screenshot of the current page and embeds it into a log file.</doc>
<msg timestamp="20220131 10:58:15.311" level="FAIL">NoSuchWindowException: Message: no such window: target window already closed
from unknown error: web view not found
  (Session info: chrome=97.0.4692.99)
</msg>
<status status="FAIL" starttime="20220131 10:58:15.304" endtime="20220131 10:58:15.312"/>
</kw>
<msg timestamp="20220131 10:58:15.312" level="WARN">Keyword 'Capture Page Screenshot' could not be run on failure: NoSuchWindowException: Message: no such window: target window already closed
from unknown error: web view not found
  (Session info: chrome=97.0.4692.99)
</msg>
<msg timestamp="20220131 10:58:15.314" level="FAIL">NoSuchWindowException: Message: no such window: target window already closed
from unknown error: web view not found
  (Session info: chrome=97.0.4692.99)
</msg>
<status status="FAIL" starttime="20220131 10:58:15.302" endtime="20220131 10:58:15.314"/>
</kw>
<kw name="Wait Until Page Contains Element" library="SeleniumLibrary">
<arg>${TargetedOption}</arg>
<doc>Waits until the element ``locator`` appears on the current page.</doc>
<kw name="Capture Page Screenshot" library="SeleniumLibrary">
<doc>Takes a screenshot of the current page and embeds it into a log file.</doc>
<msg timestamp="20220131 10:58:16.337" level="FAIL">NoSuchWindowException: Message: no such window: target window already closed
from unknown error: web view not found
  (Session info: chrome=97.0.4692.99)
</msg>
<status status="FAIL" starttime="20220131 10:58:16.328" endtime="20220131 10:58:16.337"/>
</kw>
<msg timestamp="20220131 10:58:16.337" level="WARN">Keyword 'Capture Page Screenshot' could not be run on failure: NoSuchWindowException: Message: no such window: target window already closed
from unknown error: web view not found
  (Session info: chrome=97.0.4692.99)
</msg>
<msg timestamp="20220131 10:58:16.340" level="FAIL">NoSuchWindowException: Message: no such window: target window already closed
from unknown error: web view not found
  (Session info: chrome=97.0.4692.99)
</msg>
<status status="FAIL" starttime="20220131 10:58:16.325" endtime="20220131 10:58:16.340"/>
</kw>
<kw name="Wait Until Page Contains Element" library="SeleniumLibrary">
<arg>${TargetedOption}</arg>
<doc>Waits until the element ``locator`` appears on the current page.</doc>
<kw name="Capture Page Screenshot" library="SeleniumLibrary">
<doc>Takes a screenshot of the current page and embeds it into a log file.</doc>
<msg timestamp="20220131 10:58:17.380" level="FAIL">NoSuchWindowException: Message: no such window: target window already closed
from unknown error: web view not found
  (Session info: chrome=97.0.4692.99)
</msg>
<status status="FAIL" starttime="20220131 10:58:17.361" endtime="20220131 10:58:17.380"/>
</kw>
<msg timestamp="20220131 10:58:17.380" level="WARN">Keyword 'Capture Page Screenshot' could not be run on failure: NoSuchWindowException: Message: no such window: target window already closed
from unknown error: web view not found
  (Session info: chrome=97.0.4692.99)
</msg>
<msg timestamp="20220131 10:58:17.384" level="FAIL">NoSuchWindowException: Message: no such window: target window already closed
from unknown error: web view not found
  (Session info: chrome=97.0.4692.99)
</msg>
<status status="FAIL" starttime="20220131 10:58:17.354" endtime="20220131 10:58:17.384"/>
</kw>
<kw name="Wait Until Page Contains Element" library="SeleniumLibrary">
<arg>${TargetedOption}</arg>
<doc>Waits until the element ``locator`` appears on the current page.</doc>
<kw name="Capture Page Screenshot" library="SeleniumLibrary">
<doc>Takes a screenshot of the current page and embeds it into a log file.</doc>
<msg timestamp="20220131 10:58:18.429" level="FAIL">NoSuchWindowException: Message: no such window: target window already closed
from unknown error: web view not found
  (Session info: chrome=97.0.4692.99)
</msg>
<status status="FAIL" starttime="20220131 10:58:18.406" endtime="20220131 10:58:18.429"/>
</kw>
<msg timestamp="20220131 10:58:18.430" level="WARN">Keyword 'Capture Page Screenshot' could not be run on failure: NoSuchWindowException: Message: no such window: target window already closed
from unknown error: web view not found
  (Session info: chrome=97.0.4692.99)
</msg>
<msg timestamp="20220131 10:58:18.433" level="FAIL">NoSuchWindowException: Message: no such window: target window already closed
from unknown error: web view not found
  (Session info: chrome=97.0.4692.99)
</msg>
<status status="FAIL" starttime="20220131 10:58:18.401" endtime="20220131 10:58:18.433"/>
</kw>
<kw name="Wait Until Page Contains Element" library="SeleniumLibrary">
<arg>${TargetedOption}</arg>
<doc>Waits until the element ``locator`` appears on the current page.</doc>
<kw name="Capture Page Screenshot" library="SeleniumLibrary">
<doc>Takes a screenshot of the current page and embeds it into a log file.</doc>
<msg timestamp="20220131 10:58:19.456" level="FAIL">NoSuchWindowException: Message: no such window: target window already closed
from unknown error: web view not found
  (Session info: chrome=97.0.4692.99)
</msg>
<status status="FAIL" starttime="20220131 10:58:19.450" endtime="20220131 10:58:19.457"/>
</kw>
<msg timestamp="20220131 10:58:19.457" level="WARN">Keyword 'Capture Page Screenshot' could not be run on failure: NoSuchWindowException: Message: no such window: target window already closed
from unknown error: web view not found
  (Session info: chrome=97.0.4692.99)
</msg>
<msg timestamp="20220131 10:58:19.459" level="FAIL">NoSuchWindowException: Message: no such window: target window already closed
from unknown error: web view not found
  (Session info: chrome=97.0.4692.99)
</msg>
<status status="FAIL" starttime="20220131 10:58:19.449" endtime="20220131 10:58:19.459"/>
</kw>
<kw name="Wait Until Page Contains Element" library="SeleniumLibrary">
<arg>${TargetedOption}</arg>
<doc>Waits until the element ``locator`` appears on the current page.</doc>
<kw name="Capture Page Screenshot" library="SeleniumLibrary">
<doc>Takes a screenshot of the current page and embeds it into a log file.</doc>
<msg timestamp="20220131 10:58:20.482" level="FAIL">NoSuchWindowException: Message: no such window: target window already closed
from unknown error: web view not found
  (Session info: chrome=97.0.4692.99)
</msg>
<status status="FAIL" starttime="20220131 10:58:20.476" endtime="20220131 10:58:20.482"/>
</kw>
<msg timestamp="20220131 10:58:20.482" level="WARN">Keyword 'Capture Page Screenshot' could not be run on failure: NoSuchWindowException: Message: no such window: target window already closed
from unknown error: web view not found
  (Session info: chrome=97.0.4692.99)
</msg>
<msg timestamp="20220131 10:58:20.484" level="FAIL">NoSuchWindowException: Message: no such window: target window already closed
from unknown error: web view not found
  (Session info: chrome=97.0.4692.99)
</msg>
<status status="FAIL" starttime="20220131 10:58:20.474" endtime="20220131 10:58:20.484"/>
</kw>
<kw name="Wait Until Page Contains Element" library="SeleniumLibrary">
<arg>${TargetedOption}</arg>
<doc>Waits until the element ``locator`` appears on the current page.</doc>
<kw name="Capture Page Screenshot" library="SeleniumLibrary">
<doc>Takes a screenshot of the current page and embeds it into a log file.</doc>
<msg timestamp="20220131 10:58:21.520" level="FAIL">NoSuchWindowException: Message: no such window: target window already closed
from unknown error: web view not found
  (Session info: chrome=97.0.4692.99)
</msg>
<status status="FAIL" starttime="20220131 10:58:21.498" endtime="20220131 10:58:21.520"/>
</kw>
<msg timestamp="20220131 10:58:21.521" level="WARN">Keyword 'Capture Page Screenshot' could not be run on failure: NoSuchWindowException: Message: no such window: target window already closed
from unknown error: web view not found
  (Session info: chrome=97.0.4692.99)
</msg>
<msg timestamp="20220131 10:58:21.525" level="FAIL">NoSuchWindowException: Message: no such window: target window already closed
from unknown error: web view not found
  (Session info: chrome=97.0.4692.99)
</msg>
<status status="FAIL" starttime="20220131 10:58:21.493" endtime="20220131 10:58:21.525"/>
</kw>
<kw name="Wait Until Page Contains Element" library="SeleniumLibrary">
<arg>${TargetedOption}</arg>
<doc>Waits until the element ``locator`` appears on the current page.</doc>
<kw name="Capture Page Screenshot" library="SeleniumLibrary">
<doc>Takes a screenshot of the current page and embeds it into a log file.</doc>
<msg timestamp="20220131 10:58:22.563" level="FAIL">NoSuchWindowException: Message: no such window: target window already closed
from unknown error: web view not found
  (Session info: chrome=97.0.4692.99)
</msg>
<status status="FAIL" starttime="20220131 10:58:22.543" endtime="20220131 10:58:22.563"/>
</kw>
<msg timestamp="20220131 10:58:22.563" level="WARN">Keyword 'Capture Page Screenshot' could not be run on failure: NoSuchWindowException: Message: no such window: target window already closed
from unknown error: web view not found
  (Session info: chrome=97.0.4692.99)
</msg>
<msg timestamp="20220131 10:58:22.566" level="FAIL">NoSuchWindowException: Message: no such window: target window already closed
from unknown error: web view not found
  (Session info: chrome=97.0.4692.99)
</msg>
<status status="FAIL" starttime="20220131 10:58:22.538" endtime="20220131 10:58:22.567"/>
</kw>
<kw name="Wait Until Page Contains Element" library="SeleniumLibrary">
<arg>${TargetedOption}</arg>
<doc>Waits until the element ``locator`` appears on the current page.</doc>
<kw name="Capture Page Screenshot" library="SeleniumLibrary">
<doc>Takes a screenshot of the current page and embeds it into a log file.</doc>
<msg timestamp="20220131 10:58:23.598" level="FAIL">NoSuchWindowException: Message: no such window: target window already closed
from unknown error: web view not found
  (Session info: chrome=97.0.4692.99)
</msg>
<status status="FAIL" starttime="20220131 10:58:23.586" endtime="20220131 10:58:23.598"/>
</kw>
<msg timestamp="20220131 10:58:23.598" level="WARN">Keyword 'Capture Page Screenshot' could not be run on failure: NoSuchWindowException: Message: no such window: target window already closed
from unknown error: web view not found
  (Session info: chrome=97.0.4692.99)
</msg>
<msg timestamp="20220131 10:58:23.603" level="FAIL">NoSuchWindowException: Message: no such window: target window already closed
from unknown error: web view not found
  (Session info: chrome=97.0.4692.99)
</msg>
<status status="FAIL" starttime="20220131 10:58:23.579" endtime="20220131 10:58:23.603"/>
</kw>
<kw name="Wait Until Page Contains Element" library="SeleniumLibrary">
<arg>${TargetedOption}</arg>
<doc>Waits until the element ``locator`` appears on the current page.</doc>
<kw name="Capture Page Screenshot" library="SeleniumLibrary">
<doc>Takes a screenshot of the current page and embeds it into a log file.</doc>
<msg timestamp="20220131 10:58:24.627" level="FAIL">NoSuchWindowException: Message: no such window: target window already closed
from unknown error: web view not found
  (Session info: chrome=97.0.4692.99)
</msg>
<status status="FAIL" starttime="20220131 10:58:24.611" endtime="20220131 10:58:24.628"/>
</kw>
<msg timestamp="20220131 10:58:24.628" level="WARN">Keyword 'Capture Page Screenshot' could not be run on failure: NoSuchWindowException: Message: no such window: target window already closed
from unknown error: web view not found
  (Session info: chrome=97.0.4692.99)
</msg>
<msg timestamp="20220131 10:58:24.633" level="FAIL">NoSuchWindowException: Message: no such window: target window already closed
from unknown error: web view not found
  (Session info: chrome=97.0.4692.99)
</msg>
<status status="FAIL" starttime="20220131 10:58:24.607" endtime="20220131 10:58:24.633"/>
</kw>
<kw name="Wait Until Page Contains Element" library="SeleniumLibrary">
<arg>${TargetedOption}</arg>
<doc>Waits until the element ``locator`` appears on the current page.</doc>
<kw name="Capture Page Screenshot" library="SeleniumLibrary">
<doc>Takes a screenshot of the current page and embeds it into a log file.</doc>
<msg timestamp="20220131 10:58:25.671" level="FAIL">NoSuchWindowException: Message: no such window: target window already closed
from unknown error: web view not found
  (Session info: chrome=97.0.4692.99)
</msg>
<status status="FAIL" starttime="20220131 10:58:25.652" endtime="20220131 10:58:25.671"/>
</kw>
<msg timestamp="20220131 10:58:25.671" level="WARN">Keyword 'Capture Page Screenshot' could not be run on failure: NoSuchWindowException: Message: no such window: target window already closed
from unknown error: web view not found
  (Session info: chrome=97.0.4692.99)
</msg>
<msg timestamp="20220131 10:58:25.675" level="FAIL">NoSuchWindowException: Message: no such window: target window already closed
from unknown error: web view not found
  (Session info: chrome=97.0.4692.99)
</msg>
<status status="FAIL" starttime="20220131 10:58:25.646" endtime="20220131 10:58:25.675"/>
</kw>
<kw name="Wait Until Page Contains Element" library="SeleniumLibrary">
<arg>${TargetedOption}</arg>
<doc>Waits until the element ``locator`` appears on the current page.</doc>
<kw name="Capture Page Screenshot" library="SeleniumLibrary">
<doc>Takes a screenshot of the current page and embeds it into a log file.</doc>
<msg timestamp="20220131 10:58:26.689" level="FAIL">NoSuchWindowException: Message: no such window: target window already closed
from unknown error: web view not found
  (Session info: chrome=97.0.4692.99)
</msg>
<status status="FAIL" starttime="20220131 10:58:26.680" endtime="20220131 10:58:26.689"/>
</kw>
<msg timestamp="20220131 10:58:26.689" level="WARN">Keyword 'Capture Page Screenshot' could not be run on failure: NoSuchWindowException: Message: no such window: target window already closed
from unknown error: web view not found
  (Session info: chrome=97.0.4692.99)
</msg>
<msg timestamp="20220131 10:58:26.692" level="FAIL">NoSuchWindowException: Message: no such window: target window already closed
from unknown error: web view not found
  (Session info: chrome=97.0.4692.99)
</msg>
<status status="FAIL" starttime="20220131 10:58:26.677" endtime="20220131 10:58:26.692"/>
</kw>
<kw name="Wait Until Page Contains Element" library="SeleniumLibrary">
<arg>${TargetedOption}</arg>
<doc>Waits until the element ``locator`` appears on the current page.</doc>
<kw name="Capture Page Screenshot" library="SeleniumLibrary">
<doc>Takes a screenshot of the current page and embeds it into a log file.</doc>
<msg timestamp="20220131 10:58:27.720" level="FAIL">NoSuchWindowException: Message: no such window: target window already closed
from unknown error: web view not found
  (Session info: chrome=97.0.4692.99)
</msg>
<status status="FAIL" starttime="20220131 10:58:27.711" endtime="20220131 10:58:27.721"/>
</kw>
<msg timestamp="20220131 10:58:27.721" level="WARN">Keyword 'Capture Page Screenshot' could not be run on failure: NoSuchWindowException: Message: no such window: target window already closed
from unknown error: web view not found
  (Session info: chrome=97.0.4692.99)
</msg>
<msg timestamp="20220131 10:58:27.723" level="FAIL">NoSuchWindowException: Message: no such window: target window already closed
from unknown error: web view not found
  (Session info: chrome=97.0.4692.99)
</msg>
<status status="FAIL" starttime="20220131 10:58:27.705" endtime="20220131 10:58:27.723"/>
</kw>
<kw name="Wait Until Page Contains Element" library="SeleniumLibrary">
<arg>${TargetedOption}</arg>
<doc>Waits until the element ``locator`` appears on the current page.</doc>
<kw name="Capture Page Screenshot" library="SeleniumLibrary">
<doc>Takes a screenshot of the current page and embeds it into a log file.</doc>
<msg timestamp="20220131 10:58:28.766" level="FAIL">NoSuchWindowException: Message: no such window: target window already closed
from unknown error: web view not found
  (Session info: chrome=97.0.4692.99)
</msg>
<status status="FAIL" starttime="20220131 10:58:28.743" endtime="20220131 10:58:28.766"/>
</kw>
<msg timestamp="20220131 10:58:28.766" level="WARN">Keyword 'Capture Page Screenshot' could not be run on failure: NoSuchWindowException: Message: no such window: target window already closed
from unknown error: web view not found
  (Session info: chrome=97.0.4692.99)
</msg>
<msg timestamp="20220131 10:58:28.770" level="FAIL">NoSuchWindowException: Message: no such window: target window already closed
from unknown error: web view not found
  (Session info: chrome=97.0.4692.99)
</msg>
<status status="FAIL" starttime="20220131 10:58:28.737" endtime="20220131 10:58:28.770"/>
</kw>
<kw name="Wait Until Page Contains Element" library="SeleniumLibrary">
<arg>${TargetedOption}</arg>
<doc>Waits until the element ``locator`` appears on the current page.</doc>
<kw name="Capture Page Screenshot" library="SeleniumLibrary">
<doc>Takes a screenshot of the current page and embeds it into a log file.</doc>
<msg timestamp="20220131 10:58:29.793" level="FAIL">NoSuchWindowException: Message: no such window: target window already closed
from unknown error: web view not found
  (Session info: chrome=97.0.4692.99)
</msg>
<status status="FAIL" starttime="20220131 10:58:29.786" endtime="20220131 10:58:29.793"/>
</kw>
<msg timestamp="20220131 10:58:29.793" level="WARN">Keyword 'Capture Page Screenshot' could not be run on failure: NoSuchWindowException: Message: no such window: target window already closed
from unknown error: web view not found
  (Session info: chrome=97.0.4692.99)
</msg>
<msg timestamp="20220131 10:58:29.795" level="FAIL">NoSuchWindowException: Message: no such window: target window already closed
from unknown error: web view not found
  (Session info: chrome=97.0.4692.99)
</msg>
<status status="FAIL" starttime="20220131 10:58:29.781" endtime="20220131 10:58:29.796"/>
</kw>
<kw name="Wait Until Page Contains Element" library="SeleniumLibrary">
<arg>${TargetedOption}</arg>
<doc>Waits until the element ``locator`` appears on the current page.</doc>
<kw name="Capture Page Screenshot" library="SeleniumLibrary">
<doc>Takes a screenshot of the current page and embeds it into a log file.</doc>
<msg timestamp="20220131 10:58:30.820" level="FAIL">